#
# A fatal error has been detected by the Java Runtime Environment:
#
#  SIGSEGV (0xb) at pc=0xb5e92cc0, pid=18402, tid=3030657904
#
# JRE version: 6.0_23-b23
# Java VM: OpenJDK Client VM (20.0-b11 mixed mode, sharing linux-x86 )
# Derivative: IcedTea6 1.11pre
# Distribution: Ubuntu oneiric (development branch), package 6b23~pre10-0ubuntu5
# Problematic frame:
# J  org.eclipse.equinox.internal.p2.engine.SimpleProfileRegistry.escape(Ljava/lang/String;)Ljava/lang/String;
#
# If you would like to submit a bug report, please include
# instructions how to reproduce the bug and visit:
#   https://bugs.launchpad.net/ubuntu/+source/openjdk-6/
#

---------------  T H R E A D  ---------------

Current thread (0x0aaba800):  JavaThread "Worker-11" [_thread_in_Java, id=20204, stack(0xb49f2000,0xb4a43000)]

siginfo:si_signo=SIGSEGV: si_errno=0, si_code=128 (), si_addr=0x00000000

Registers:
EAX=0x00331f7e, EBX=0x00000065, ECX=0x8665e038, EDX=0x8665e050
ESP=0xb4a41890, EBP=0xb4a4193c, ESI=0x0000000f, EDI=0x00000000
EIP=0xb5e92cc0, EFLAGS=0x00210293, CR2=0xb7483500

Top of Stack: (sp=0xb4a41890)
0xb4a41890:   00000000 00000005 b4a41a74 b5cc6000
0xb4a418a0:   663efc18 6fbe6318 6fbe6318 663efbb8
0xb4a418b0:   6fbe6fe0 663efc18 663efca0 8665e038
0xb4a418c0:   663ef870 0000000f b4a41a74 b5cc5bb8
0xb4a418d0:   6e57f338 00001165 b4a41a44 b5bae054
0xb4a418e0:   6fbe6ff8 663efc18 00000001 0000000f
0xb4a418f0:   00000020 00000000 b4a4193c b547df87
0xb4a41900:   b547df87 8665e038 663efc90 663efc90 

Instructions: (pc=0xb5e92cc0)
0xb5e92ca0:   00 00 83 fb 3e 0f 84 1b 00 00 00 83 fb 3f 0f 84
0xb5e92cb0:   12 00 00 00 83 fb 5c 0f 84 09 00 00 00 83 fb 7c
0xb5e92cc0:   0f 85 08 06 00 00 89 5c 24 40 89 7c 24 30 ba 40
0xb5e92cd0:   d8 25 94 8b cc c1 e9 0c 8b 0c 8d 00 0e ff 02 8b 

Register to memory mapping:

EAX=0x00331f7e: <offset 0x12f7e> in /lib/i386-linux-gnu/libresolv.so.2 at 0x0031f000
EBX=0x00000065 is an unknown value
ECX=0x8665e038 is an oop
java.lang.String 
 - klass: 'java/lang/String'
EDX=0x8665e050 is an oop
[C 
 - klass: {type array char}
 - length: 15
ESP=0xb4a41890 is pointing into the stack for thread: 0x0aaba800
EBP=0xb4a4193c is pointing into the stack for thread: 0x0aaba800
ESI=0x0000000f is an unknown value
EDI=0x00000000 is an unknown value


Stack: [0xb49f2000,0xb4a43000],  sp=0xb4a41890,  free space=318k
Native frames: (J=compiled Java code, j=interpreted, Vv=VM code, C=native code)
J  org.eclipse.equinox.internal.p2.engine.SimpleProfileRegistry.escape(Ljava/lang/String;)Ljava/lang/String;
j  org.eclipse.equinox.internal.p2.engine.SimpleProfileRegistry.listProfileTimestamps(Ljava/lang/String;)[J+25
j  org.eclipse.equinox.internal.p2.engine.SurrogateProfileHandler.getSharedProfile(Ljava/lang/String;)Lorg/eclipse/equinox/p2/engine/IProfile;+7
j  org.eclipse.equinox.internal.p2.engine.SurrogateProfileHandler.queryProfile(Lorg/eclipse/equinox/p2/engine/IProfile;Lorg/eclipse/equinox/p2/query/IQuery;Lorg/eclipse/core/runtime/IProgressMonitor;)Lorg/eclipse/equinox/p2/query/IQueryResult;+7
j  org.eclipse.equinox.internal.p2.engine.Profile.available(Lorg/eclipse/equinox/p2/query/IQuery;Lorg/eclipse/core/runtime/IProgressMonitor;)Lorg/eclipse/equinox/p2/query/IQueryResult;+14
j  org.eclipse.equinox.internal.p2.touchpoint.eclipse.actions.CheckTrustAction.execute(Ljava/util/Map;)Lorg/eclipse/core/runtime/IStatus;+50
j  org.eclipse.equinox.internal.p2.engine.Phase.mainPerform(Lorg/eclipse/core/runtime/MultiStatus;Lorg/eclipse/equinox/internal/p2/engine/EngineSession;[Lorg/eclipse/equinox/internal/p2/engine/Operand;Lorg/eclipse/core/runtime/SubMonitor;)V+317
j  org.eclipse.equinox.internal.p2.engine.Phase.perform(Lorg/eclipse/core/runtime/MultiStatus;Lorg/eclipse/equinox/internal/p2/engine/EngineSession;[Lorg/eclipse/equinox/internal/p2/engine/Operand;Lorg/eclipse/core/runtime/IProgressMonitor;)V+84
j  org.eclipse.equinox.internal.p2.engine.PhaseSet.perform(Lorg/eclipse/equinox/internal/p2/engine/EngineSession;[Lorg/eclipse/equinox/internal/p2/engine/Operand;Lorg/eclipse/core/runtime/IProgressMonitor;)Lorg/eclipse/core/runtime/MultiStatus;+116
j  org.eclipse.equinox.internal.p2.engine.Engine.perform(Lorg/eclipse/equinox/p2/engine/IProfile;Lorg/eclipse/equinox/p2/engine/IPhaseSet;[Lorg/eclipse/equinox/internal/p2/engine/Operand;Lorg/eclipse/equinox/p2/engine/ProvisioningContext;Lorg/eclipse/core/runtime/IProgressMonitor;)Lorg/eclipse/core/runtime/IStatus;+218
j  org.eclipse.equinox.internal.p2.engine.Engine.perform(Lorg/eclipse/equinox/p2/engine/IProvisioningPlan;Lorg/eclipse/equinox/p2/engine/IPhaseSet;Lorg/eclipse/core/runtime/IProgressMonitor;)Lorg/eclipse/core/runtime/IStatus;+22
j  org.eclipse.equinox.p2.operations.ProvisioningSession.performProvisioningPlan(Lorg/eclipse/equinox/p2/engine/IProvisioningPlan;Lorg/eclipse/equinox/p2/engine/IPhaseSet;Lorg/eclipse/equinox/p2/engine/ProvisioningContext;Lorg/eclipse/core/runtime/IProgressMonitor;)Lorg/eclipse/core/runtime/IStatus;+339
j  org.eclipse.equinox.p2.operations.ProfileModificationJob.runModal(Lorg/eclipse/core/runtime/IProgressMonitor;)Lorg/eclipse/core/runtime/IStatus;+67
j  org.eclipse.equinox.p2.operations.ProvisioningJob.run(Lorg/eclipse/core/runtime/IProgressMonitor;)Lorg/eclipse/core/runtime/IStatus;+16
j  org.eclipse.core.internal.jobs.Worker.run()V+31
v  ~StubRoutines::call_stub
V  [libjvm.so+0x20fa96]  JavaCalls::call_helper(JavaValue*, methodHandle*, JavaCallArguments*, Thread*)+0x2c6


---------------  P R O C E S S  ---------------

Java Threads: ( => current thread )
  0x0ac38400 JavaThread "Worker-28" [_thread_blocked, id=20865, stack(0xaf534000,0xaf585000)]
  0x0a5af000 JavaThread "Worker-27" [_thread_blocked, id=20864, stack(0xaf4e3000,0xaf534000)]
  0x0abaa000 JavaThread "Worker-26" [_thread_blocked, id=20863, stack(0xaf441000,0xaf492000)]
  0xb2875000 JavaThread "Worker-25" [_thread_blocked, id=20862, stack(0xafc33000,0xafc84000)]
  0xb2889800 JavaThread "Worker-24" [_thread_blocked, id=20861, stack(0xb2d5e000,0xb2daf000)]
  0x0a188000 JavaThread "Worker-23" [_thread_blocked, id=20860, stack(0xaf627000,0xaf678000)]
  0x0ab72c00 JavaThread "Worker-22" [_thread_blocked, id=20851, stack(0xaf585000,0xaf5d6000)]
  0x0aba8800 JavaThread "Worker-21" [_thread_blocked, id=20846, stack(0xaf492000,0xaf4e3000)]
  0x0abe5400 JavaThread "AWT-XAWT" daemon [_thread_in_native, id=20301, stack(0xaf8af000,0xaf900000)]
  0x0abd5400 JavaThread "Java2D Disposer" daemon [_thread_blocked, id=20300, stack(0xb2daf000,0xb2e00000)]
  0x0ababc00 JavaThread "Worker-20" [_thread_blocked, id=20299, stack(0xaf3f0000,0xaf441000)]
  0x0ab8f400 JavaThread "Worker-14" [_thread_blocked, id=20293, stack(0xaf5d6000,0xaf627000)]
  0x0ab2c800 JavaThread "MultiThreadedHttpConnectionManager cleanup" daemon [_thread_blocked, id=20275, stack(0xb43af000,0xb4400000)]
  0xb2897800 JavaThread "Provisioning Event Dispatcher" daemon [_thread_blocked, id=20271, stack(0xb2a0d000,0xb2a5e000)]
=>0x0aaba800 JavaThread "Worker-11" [_thread_in_Java, id=20204, stack(0xb49f2000,0xb4a43000)]
  0x0ab08000 JavaThread "org.eclipse.jdt.internal.ui.text.JavaReconciler" daemon [_thread_blocked, id=18488, stack(0xb454f000,0xb45a0000)]
  0x0aae0c00 JavaThread "org.eclipse.jdt.internal.ui.text.JavaReconciler" daemon [_thread_blocked, id=18486, stack(0xb2d0d000,0xb2d5e000)]
  0x0a7e5000 JavaThread "org.eclipse.jdt.internal.ui.text.JavaReconciler" daemon [_thread_blocked, id=18446, stack(0xb2a5e000,0xb2aaf000)]
  0x0a3ed400 JavaThread "org.eclipse.jdt.internal.ui.text.JavaReconciler" daemon [_thread_blocked, id=18442, stack(0xb2aaf000,0xb2b00000)]
  0x0a717800 JavaThread "org.eclipse.jdt.internal.ui.text.JavaReconciler" daemon [_thread_blocked, id=18438, stack(0xb40f4000,0xb4145000)]
  0x0a6c2400 JavaThread "[ThreadPool Manager] - Idle Thread" daemon [_thread_blocked, id=18435, stack(0xb2c6b000,0xb2cbc000)]
  0xb44fd800 JavaThread "Worker-6" [_thread_blocked, id=18431, stack(0xb2cbc000,0xb2d0d000)]
  0x0a6c1c00 JavaThread "Bundle File Closer" daemon [_thread_blocked, id=18423, stack(0xb3db4000,0xb3e05000)]
  0x0a62e000 JavaThread "org.eclipse.jdt.internal.ui.text.JavaReconciler" daemon [_thread_blocked, id=18422, stack(0xb3e37000,0xb3e88000)]
  0x0a0d1400 JavaThread "Java indexing" daemon [_thread_blocked, id=18420, stack(0xb418e000,0xb41df000)]
  0x0a1b0800 JavaThread "Worker-JM" [_thread_blocked, id=18416, stack(0xb4943000,0xb4994000)]
  0x0a196400 JavaThread "[Timer] - Main Queue Handler" daemon [_thread_blocked, id=18415, stack(0xb49a1000,0xb49f2000)]
  0x0a17a400 JavaThread "Framework Event Dispatcher" daemon [_thread_blocked, id=18413, stack(0xb4a4d000,0xb4a9e000)]
  0xb4d37800 JavaThread "Start Level Event Dispatcher" daemon [_thread_blocked, id=18412, stack(0xb4aa0000,0xb4af1000)]
  0xb4d31c00 JavaThread "State Data Manager" daemon [_thread_blocked, id=18411, stack(0xb4af1000,0xb4b42000)]
  0xb4d65800 JavaThread "Framework Active Thread" [_thread_blocked, id=18410, stack(0xb4b42000,0xb4b93000)]
  0xb4d02800 JavaThread "Low Memory Detector" daemon [_thread_blocked, id=18408, stack(0xb4c2e000,0xb4c7f000)]
  0xb4d00800 JavaThread "C1 CompilerThread0" daemon [_thread_blocked, id=18407, stack(0xb4c7f000,0xb4d00000)]
  0x0a0b9800 JavaThread "Signal Dispatcher" daemon [_thread_blocked, id=18406, stack(0xb4e0c000,0xb4e5d000)]
  0x0a0b6000 JavaThread "Finalizer" daemon [_thread_blocked, id=18405, stack(0xb4e5d000,0xb4eae000)]
  0x0a0b1400 JavaThread "Reference Handler" daemon [_thread_blocked, id=18404, stack(0xb4eae000,0xb4eff000)]
  0x0a083400 JavaThread "main" [_thread_in_native, id=18402, stack(0xbfe71000,0xbfec1000)]

Other Threads:
  0x0a0af800 VMThread [stack: 0xb4eff000,0xb4f80000] [id=18403]
  0xb4d05000 WatcherThread [stack: 0xb4bad000,0xb4c2e000] [id=18409]

VM state:not at safepoint (normal execution)

VM Mutex/Monitor currently owned by a thread: None

Heap
 def new generation   total 56064K, used 46509K [0x63830000, 0x67500000, 0x6e2d0000)
  eden space 49856K,  90% used [0x63830000, 0x66415768, 0x668e0000)
  from space 6208K,  25% used [0x668e0000, 0x66a65fd8, 0x66ef0000)
  to   space 6208K,   0% used [0x66ef0000, 0x66ef0000, 0x67500000)
 tenured generation   total 124440K, used 65593K [0x6e2d0000, 0x75c56000, 0x83830000)
   the space 124440K,  52% used [0x6e2d0000, 0x722de590, 0x722de600, 0x75c56000)
 compacting perm gen  total 75776K, used 75761K [0x83830000, 0x88230000, 0x93830000)
   the space 75776K,  99% used [0x83830000, 0x8822c758, 0x8822c800, 0x88230000)
    ro space 10240K,  73% used [0x93830000, 0x93f90130, 0x93f90200, 0x94230000)
    rw space 12288K,  60% used [0x94230000, 0x94979b28, 0x94979c00, 0x94e30000)

Code Cache  [0xb547b000, 0xb5e9b000, 0xb747b000)
 total_blobs=4629 nmethods=4343 adapters=218 free_code_cache=22971712 largest_free_block=320

Dynamic libraries:
00110000-00142000 r-xp 00000000 08:01 5248217    /usr/lib/i386-linux-gnu/libfontconfig.so.1.4.4
00142000-00143000 ---p 00032000 08:01 5248217    /usr/lib/i386-linux-gnu/libfontconfig.so.1.4.4
00143000-00144000 r--p 00032000 08:01 5248217    /usr/lib/i386-linux-gnu/libfontconfig.so.1.4.4
00144000-00145000 rw-p 00033000 08:01 5248217    /usr/lib/i386-linux-gnu/libfontconfig.so.1.4.4
00145000-0014e000 r-xp 00000000 08:01 5248120    /usr/lib/i386-linux-gnu/libXcursor.so.1.0.2
0014e000-0014f000 r--p 00008000 08:01 5248120    /usr/lib/i386-linux-gnu/libXcursor.so.1.0.2
0014f000-00150000 rw-p 00009000 08:01 5248120    /usr/lib/i386-linux-gnu/libXcursor.so.1.0.2
00152000-00199000 r-xp 00000000 08:01 5248318    /usr/lib/i386-linux-gnu/libpango-1.0.so.0.2903.0
00199000-0019a000 r--p 00047000 08:01 5248318    /usr/lib/i386-linux-gnu/libpango-1.0.so.0.2903.0
0019a000-0019b000 rw-p 00048000 08:01 5248318    /usr/lib/i386-linux-gnu/libpango-1.0.so.0.2903.0
0019b000-001ac000 r-xp 00000000 08:01 5248126    /usr/lib/i386-linux-gnu/libXext.so.6.4.0
001ac000-001ad000 r--p 00010000 08:01 5248126    /usr/lib/i386-linux-gnu/libXext.so.6.4.0
001ad000-001ae000 rw-p 00011000 08:01 5248126    /usr/lib/i386-linux-gnu/libXext.so.6.4.0
001ae000-001b0000 r-xp 00000000 08:01 5248122    /usr/lib/i386-linux-gnu/libXdamage.so.1.1.0
001b0000-001b1000 r--p 00001000 08:01 5248122    /usr/lib/i386-linux-gnu/libXdamage.so.1.1.0
001b1000-001b2000 rw-p 00002000 08:01 5248122    /usr/lib/i386-linux-gnu/libXdamage.so.1.1.0
001b2000-00279000 r-xp 00000000 08:01 5248178    /usr/lib/i386-linux-gnu/libcairo.so.2.11000.2
00279000-0027a000 r--p 000c7000 08:01 5248178    /usr/lib/i386-linux-gnu/libcairo.so.2.11000.2
0027a000-0027b000 rw-p 000c8000 08:01 5248178    /usr/lib/i386-linux-gnu/libcairo.so.2.11000.2
0027b000-0027d000 rw-p 00000000 00:00 0 
0027d000-002a8000 r-xp 00000000 08:01 5248322    /usr/lib/i386-linux-gnu/libpangoft2-1.0.so.0.2903.0
002a8000-002a9000 r--p 0002a000 08:01 5248322    /usr/lib/i386-linux-gnu/libpangoft2-1.0.so.0.2903.0
002a9000-002aa000 rw-p 0002b000 08:01 5248322    /usr/lib/i386-linux-gnu/libpangoft2-1.0.so.0.2903.0
002aa000-002bd000 r-xp 00000000 08:01 17826808   /lib/i386-linux-gnu/libz.so.1.2.3.4
002bd000-002be000 r--p 00012000 08:01 17826808   /lib/i386-linux-gnu/libz.so.1.2.3.4
002be000-002bf000 rw-p 00013000 08:01 17826808   /lib/i386-linux-gnu/libz.so.1.2.3.4
002bf000-002c1000 r-xp 00000000 08:01 5248410    /usr/lib/i386-linux-gnu/libxcb-shm.so.0.0.0
002c1000-002c2000 r--p 00001000 08:01 5248410    /usr/lib/i386-linux-gnu/libxcb-shm.so.0.0.0
002c2000-002c3000 rw-p 00002000 08:01 5248410    /usr/lib/i386-linux-gnu/libxcb-shm.so.0.0.0
002c3000-002cb000 r-xp 00000000 08:01 5248406    /usr/lib/i386-linux-gnu/libxcb-render.so.0.0.0
002cb000-002cc000 r--p 00007000 08:01 5248406    /usr/lib/i386-linux-gnu/libxcb-render.so.0.0.0
002cc000-002cd000 rw-p 00008000 08:01 5248406    /usr/lib/i386-linux-gnu/libxcb-render.so.0.0.0
002cd000-002cf000 r-xp 00000000 08:01 7999797    /home/yemel/.eclipse/org.eclipse.platform_3.7.0_1543616141/configuration/org.eclipse.osgi/bundles/71/1/.cp/os/linux/x86/libunixfile_1_0_0.so
002cf000-002d0000 rw-p 00001000 08:01 7999797    /home/yemel/.eclipse/org.eclipse.platform_3.7.0_1543616141/configuration/org.eclipse.osgi/bundles/71/1/.cp/os/linux/x86/libunixfile_1_0_0.so
002d0000-002d7000 r-xp 00000000 08:01 17826789   /lib/i386-linux-gnu/librt-2.13.so
002d7000-002d8000 r--p 00006000 08:01 17826789   /lib/i386-linux-gnu/librt-2.13.so
002d8000-002d9000 rw-p 00007000 08:01 17826789   /lib/i386-linux-gnu/librt-2.13.so
002d9000-002db000 r-xp 00000000 08:01 5248116    /usr/lib/i386-linux-gnu/libXau.so.6.0.0
002db000-002dc000 r--p 00001000 08:01 5248116    /usr/lib/i386-linux-gnu/libXau.so.6.0.0
002dc000-002dd000 rw-p 00002000 08:01 5248116    /usr/lib/i386-linux-gnu/libXau.so.6.0.0
002dd000-002df000 r-xp 00000000 08:01 5248134    /usr/lib/i386-linux-gnu/libXinerama.so.1.0.0
002df000-002e0000 r--p 00001000 08:01 5248134    /usr/lib/i386-linux-gnu/libXinerama.so.1.0.0
002e0000-002e1000 rw-p 00002000 08:01 5248134    /usr/lib/i386-linux-gnu/libXinerama.so.1.0.0
002e1000-002ff000 r-xp 00000000 08:01 17826712   /lib/i386-linux-gnu/ld-2.13.so
002ff000-00300000 r--p 0001d000 08:01 17826712   /lib/i386-linux-gnu/ld-2.13.so
00300000-00301000 rw-p 0001e000 08:01 17826712   /lib/i386-linux-gnu/ld-2.13.so
00301000-0031d000 r-xp 00000000 08:01 17826791   /lib/i386-linux-gnu/libselinux.so.1
0031d000-0031e000 r--p 0001b000 08:01 17826791   /lib/i386-linux-gnu/libselinux.so.1
0031e000-0031f000 rw-p 0001c000 08:01 17826791   /lib/i386-linux-gnu/libselinux.so.1
0031f000-00332000 r-xp 00000000 08:01 17826787   /lib/i386-linux-gnu/libresolv-2.13.so
00332000-00333000 r--p 00012000 08:01 17826787   /lib/i386-linux-gnu/libresolv-2.13.so
00333000-00334000 rw-p 00013000 08:01 17826787   /lib/i386-linux-gnu/libresolv-2.13.so
00334000-00336000 rw-p 00000000 00:00 0 
00336000-00354000 r-xp 00000000 08:01 5248230    /usr/lib/i386-linux-gnu/libgdk_pixbuf-2.0.so.0.2400.0
00354000-00355000 r--p 0001d000 08:01 5248230    /usr/lib/i386-linux-gnu/libgdk_pixbuf-2.0.so.0.2400.0
00355000-00356000 rw-p 0001e000 08:01 5248230    /usr/lib/i386-linux-gnu/libgdk_pixbuf-2.0.so.0.2400.0
00356000-0037e000 r-xp 00000000 08:01 17826784   /lib/i386-linux-gnu/libpng12.so.0.46.0
0037e000-0037f000 r--p 00027000 08:01 17826784   /lib/i386-linux-gnu/libpng12.so.0.46.0
0037f000-00380000 rw-p 00028000 08:01 17826784   /lib/i386-linux-gnu/libpng12.so.0.46.0
00380000-0039d000 r-xp 00000000 08:01 5248412    /usr/lib/i386-linux-gnu/libxcb.so.1.1.0
0039d000-0039e000 r--p 0001c000 08:01 5248412    /usr/lib/i386-linux-gnu/libxcb.so.1.1.0
0039e000-0039f000 rw-p 0001d000 08:01 5248412    /usr/lib/i386-linux-gnu/libxcb.so.1.1.0
0039f000-003a7000 r-xp 00000000 08:01 17826762   /lib/i386-linux-gnu/libnss_compat-2.13.so
003a7000-003a8000 r--p 00007000 08:01 17826762   /lib/i386-linux-gnu/libnss_compat-2.13.so
003a8000-003a9000 rw-p 00008000 08:01 17826762   /lib/i386-linux-gnu/libnss_compat-2.13.so
003a9000-003b7000 r-xp 00000000 08:01 5246203    /usr/lib/liboverlay-scrollbar-0.2.so.0.0.11
003b7000-003b8000 r--p 0000d000 08:01 5246203    /usr/lib/liboverlay-scrollbar-0.2.so.0.0.11
003b8000-003b9000 rw-p 0000e000 08:01 5246203    /usr/lib/liboverlay-scrollbar-0.2.so.0.0.11
003b9000-003ba000 r-xp 00000000 08:01 5248727    /usr/lib/i386-linux-gnu/gdk-pixbuf-2.0/2.10.0/loaders/libpixbufloader-svg.so
003ba000-003bb000 r--p 00000000 08:01 5248727    /usr/lib/i386-linux-gnu/gdk-pixbuf-2.0/2.10.0/loaders/libpixbufloader-svg.so
003bb000-003bc000 rw-p 00001000 08:01 5248727    /usr/lib/i386-linux-gnu/gdk-pixbuf-2.0/2.10.0/loaders/libpixbufloader-svg.so
003bc000-00532000 r-xp 00000000 08:01 17826725   /lib/i386-linux-gnu/libc-2.13.so
00532000-00534000 r--p 00176000 08:01 17826725   /lib/i386-linux-gnu/libc-2.13.so
00534000-00535000 rw-p 00178000 08:01 17826725   /lib/i386-linux-gnu/libc-2.13.so
00535000-00538000 rw-p 00000000 00:00 0 
00538000-0054d000 r-xp 00000000 08:01 17826760   /lib/i386-linux-gnu/libnsl-2.13.so
0054d000-0054e000 r--p 00015000 08:01 17826760   /lib/i386-linux-gnu/libnsl-2.13.so
0054e000-0054f000 rw-p 00016000 08:01 17826760   /lib/i386-linux-gnu/libnsl-2.13.so
0054f000-00551000 rw-p 00000000 00:00 0 
00552000-00554000 r-xp 00000000 08:01 5248118    /usr/lib/i386-linux-gnu/libXcomposite.so.1.0.0
00554000-00555000 r--p 00001000 08:01 5248118    /usr/lib/i386-linux-gnu/libXcomposite.so.1.0.0
00555000-00556000 rw-p 00002000 08:01 5248118    /usr/lib/i386-linux-gnu/libXcomposite.so.1.0.0
00556000-0055b000 r-xp 00000000 08:01 5247507    /usr/lib/gtk-2.0/modules/libcanberra-gtk-module.so
0055b000-0055c000 r--p 00004000 08:01 5247507    /usr/lib/gtk-2.0/modules/libcanberra-gtk-module.so
0055c000-0055d000 rw-p 00005000 08:01 5247507    /usr/lib/gtk-2.0/modules/libcanberra-gtk-module.so
0055d000-00561000 r-xp 00000000 08:01 5243685    /usr/lib/libcanberra-gtk.so.0.1.8
00561000-00562000 r--p 00003000 08:01 5243685    /usr/lib/libcanberra-gtk.so.0.1.8
00562000-00563000 rw-p 00004000 08:01 5243685    /usr/lib/libcanberra-gtk.so.0.1.8
00563000-0056b000 r-xp 00000000 08:01 5248402    /usr/lib/i386-linux-gnu/libvorbisfile.so.3.3.4
0056b000-0056c000 r--p 00007000 08:01 5248402    /usr/lib/i386-linux-gnu/libvorbisfile.so.3.3.4
0056c000-0056d000 rw-p 00008000 08:01 5248402    /usr/lib/i386-linux-gnu/libvorbisfile.so.3.3.4
0056d000-00570000 r-xp 00000000 08:01 5248716    /usr/lib/i386-linux-gnu/gdk-pixbuf-2.0/2.10.0/loaders/libpixbufloader-bmp.so
00570000-00571000 r--p 00002000 08:01 5248716    /usr/lib/i386-linux-gnu/gdk-pixbuf-2.0/2.10.0/loaders/libpixbufloader-bmp.so
00571000-00572000 rw-p 00003000 08:01 5248716    /usr/lib/i386-linux-gnu/gdk-pixbuf-2.0/2.10.0/loaders/libpixbufloader-bmp.so
00573000-00576000 r-xp 00000000 08:01 5248238    /usr/lib/i386-linux-gnu/libgmodule-2.0.so.0.3000.0
00576000-00577000 r--p 00002000 08:01 5248238    /usr/lib/i386-linux-gnu/libgmodule-2.0.so.0.3000.0
00577000-00578000 rw-p 00003000 08:01 5248238    /usr/lib/i386-linux-gnu/libgmodule-2.0.so.0.3000.0
00578000-0057c000 rwxp 00000000 00:00 0 
0057c000-00580000 r-xp 00000000 08:01 5248252    /usr/lib/i386-linux-gnu/libgthread-2.0.so.0.3000.0
00580000-00581000 r--p 00003000 08:01 5248252    /usr/lib/i386-linux-gnu/libgthread-2.0.so.0.3000.0
00581000-00582000 rw-p 00004000 08:01 5248252    /usr/lib/i386-linux-gnu/libgthread-2.0.so.0.3000.0
00582000-00588000 r-xp 00000000 08:01 5248316    /usr/lib/i386-linux-gnu/libogg.so.0.7.1
00588000-00589000 r--p 00005000 08:01 5248316    /usr/lib/i386-linux-gnu/libogg.so.0.7.1
00589000-0058a000 rw-p 00006000 08:01 5248316    /usr/lib/i386-linux-gnu/libogg.so.0.7.1
0058b000-0058c000 r-xp 00000000 00:00 0          [vdso]
0058c000-006ce000 r-xp 00000000 08:01 5248234    /usr/lib/i386-linux-gnu/libgio-2.0.so.0.3000.0
006ce000-006d0000 r--p 00142000 08:01 5248234    /usr/lib/i386-linux-gnu/libgio-2.0.so.0.3000.0
006d0000-006d1000 rw-p 00144000 08:01 5248234    /usr/lib/i386-linux-gnu/libgio-2.0.so.0.3000.0
006d1000-006d2000 rw-p 00000000 00:00 0 
006d2000-00763000 r-xp 00000000 08:01 5248219    /usr/lib/i386-linux-gnu/libfreetype.so.6.6.2
00763000-00764000 ---p 00091000 08:01 5248219    /usr/lib/i386-linux-gnu/libfreetype.so.6.6.2
00764000-00768000 r--p 00091000 08:01 5248219    /usr/lib/i386-linux-gnu/libfreetype.so.6.6.2
00768000-00769000 rw-p 00095000 08:01 5248219    /usr/lib/i386-linux-gnu/libfreetype.so.6.6.2
00769000-00778000 r-xp 00000000 08:01 5243679    /usr/lib/libcanberra.so.0.2.5
00778000-00779000 r--p 0000e000 08:01 5243679    /usr/lib/libcanberra.so.0.2.5
00779000-0077a000 rw-p 0000f000 08:01 5243679    /usr/lib/libcanberra.so.0.2.5
0077a000-0077c000 r-xp 00000000 08:01 5247145    /usr/lib/enchant/libenchant_aspell.so
0077c000-0077d000 r--p 00001000 08:01 5247145    /usr/lib/enchant/libenchant_aspell.so
0077d000-0077e000 rw-p 00002000 08:01 5247145    /usr/lib/enchant/libenchant_aspell.so
0077e000-00782000 r-xp 00000000 08:01 5248128    /usr/lib/i386-linux-gnu/libXfixes.so.3.1.0
00782000-00783000 r--p 00003000 08:01 5248128    /usr/lib/i386-linux-gnu/libXfixes.so.3.1.0
00783000-00784000 rw-p 00004000 08:01 5248128    /usr/lib/i386-linux-gnu/libXfixes.so.3.1.0
00784000-00787000 r-xp 00000000 08:01 5378182    /usr/share/eclipse/configuration/org.eclipse.osgi/bundles/593/1/.cp/libswt-gtk-3738.so
00787000-00788000 rw-p 00002000 08:01 5378182    /usr/share/eclipse/configuration/org.eclipse.osgi/bundles/593/1/.cp/libswt-gtk-3738.so
00788000-00789000 rw-p 00000000 00:00 0 
0078b000-007b3000 r-xp 00000000 08:01 17826755   /lib/i386-linux-gnu/libm-2.13.so
007b3000-007b4000 r--p 00028000 08:01 17826755   /lib/i386-linux-gnu/libm-2.13.so
007b4000-007b5000 rw-p 00029000 08:01 17826755   /lib/i386-linux-gnu/libm-2.13.so
007b5000-007d2000 r-xp 00000000 08:01 5248152    /usr/lib/i386-linux-gnu/libatk-1.0.so.0.20209.1
007d2000-007d4000 r--p 0001c000 08:01 5248152    /usr/lib/i386-linux-gnu/libatk-1.0.so.0.20209.1
007d4000-007d5000 rw-p 0001e000 08:01 5248152    /usr/lib/i386-linux-gnu/libatk-1.0.so.0.20209.1
007d6000-007e0000 r-xp 00000000 08:01 17826770   /lib/i386-linux-gnu/libnss_nis-2.13.so
007e0000-007e1000 r--p 00009000 08:01 17826770   /lib/i386-linux-gnu/libnss_nis-2.13.so
007e1000-007e2000 rw-p 0000a000 08:01 17826770   /lib/i386-linux-gnu/libnss_nis-2.13.so
007e2000-007f3000 r-xp 00000000 08:01 5248385    /usr/lib/i386-linux-gnu/libtdb.so.1.2.9
007f3000-007f4000 r--p 00010000 08:01 5248385    /usr/lib/i386-linux-gnu/libtdb.so.1.2.9
007f4000-007f5000 rw-p 00011000 08:01 5248385    /usr/lib/i386-linux-gnu/libtdb.so.1.2.9
007f5000-007fd000 r-xp 00000000 08:01 5246111    /usr/lib/libltdl.so.7.3.0
007fd000-007fe000 r--p 00008000 08:01 5246111    /usr/lib/libltdl.so.7.3.0
007fe000-007ff000 rw-p 00009000 08:01 5246111    /usr/lib/libltdl.so.7.3.0
007ff000-0081b000 r-xp 00000000 08:01 17826746   /lib/i386-linux-gnu/libgcc_s.so.1
0081b000-0081c000 r--p 0001b000 08:01 17826746   /lib/i386-linux-gnu/libgcc_s.so.1
0081c000-0081d000 rw-p 0001c000 08:01 17826746   /lib/i386-linux-gnu/libgcc_s.so.1
0081d000-00824000 r-xp 00000000 08:01 5777174    /usr/lib/jvm/java-6-openjdk/jre/lib/i386/libzip.so
00824000-00825000 r--p 00006000 08:01 5777174    /usr/lib/jvm/java-6-openjdk/jre/lib/i386/libzip.so
00825000-00826000 rw-p 00007000 08:01 5777174    /usr/lib/jvm/java-6-openjdk/jre/lib/i386/libzip.so
00827000-00864000 r-xp 00000000 08:01 17826782   /lib/i386-linux-gnu/libpcre.so.3.12.1
00864000-00865000 r--p 0003c000 08:01 17826782   /lib/i386-linux-gnu/libpcre.so.3.12.1
00865000-00866000 rw-p 0003d000 08:01 17826782   /lib/i386-linux-gnu/libpcre.so.3.12.1
00866000-00893000 r-xp 00000000 08:01 5247966    /usr/lib/gtk-2.0/2.10.0/engines/libmurrine.so
00893000-00894000 r--p 0002c000 08:01 5247966    /usr/lib/gtk-2.0/2.10.0/engines/libmurrine.so
00894000-00895000 rw-p 0002d000 08:01 5247966    /usr/lib/gtk-2.0/2.10.0/engines/libmurrine.so
00895000-008aa000 r-xp 00000000 08:01 5777167    /usr/lib/jvm/java-6-openjdk/jre/lib/i386/libnet.so
008aa000-008ab000 r--p 00014000 08:01 5777167    /usr/lib/jvm/java-6-openjdk/jre/lib/i386/libnet.so
008ab000-008ac000 rw-p 00015000 08:01 5777167    /usr/lib/jvm/java-6-openjdk/jre/lib/i386/libnet.so
008ac000-008b1000 r-xp 00000000 08:01 5245676    /usr/lib/libXtst.so.6.1.0
008b1000-008b2000 r--p 00004000 08:01 5245676    /usr/lib/libXtst.so.6.1.0
008b2000-008b3000 rw-p 00005000 08:01 5245676    /usr/lib/libXtst.so.6.1.0
008b3000-008b8000 r-xp 00000000 08:01 5248215    /usr/lib/i386-linux-gnu/libffi.so.6.0.0
008b8000-008b9000 r--p 00004000 08:01 5248215    /usr/lib/i386-linux-gnu/libffi.so.6.0.0
008b9000-008ba000 rw-p 00005000 08:01 5248215    /usr/lib/i386-linux-gnu/libffi.so.6.0.0
008ba000-00938000 r-xp 00000000 08:01 5248336    /usr/lib/i386-linux-gnu/libpixman-1.so.0.22.2
00938000-0093c000 r--p 0007d000 08:01 5248336    /usr/lib/i386-linux-gnu/libpixman-1.so.0.22.2
0093c000-0093d000 rw-p 00081000 08:01 5248336    /usr/lib/i386-linux-gnu/libpixman-1.so.0.22.2
0093d000-00963000 r-xp 00000000 08:01 5777157    /usr/lib/jvm/java-6-openjdk/jre/lib/i386/libjava.so
00963000-00964000 r--p 00025000 08:01 5777157    /usr/lib/jvm/java-6-openjdk/jre/lib/i386/libjava.so
00964000-00966000 rw-p 00026000 08:01 5777157    /usr/lib/jvm/java-6-openjdk/jre/lib/i386/libjava.so
00966000-0096e000 r-xp 00000000 08:01 5777168    /usr/lib/jvm/java-6-openjdk/jre/lib/i386/libnio.so
0096e000-0096f000 r--p 00007000 08:01 5777168    /usr/lib/jvm/java-6-openjdk/jre/lib/i386/libnio.so
0096f000-00970000 rw-p 00008000 08:01 5777168    /usr/lib/jvm/java-6-openjdk/jre/lib/i386/libnio.so
00970000-00974000 r-xp 00000000 08:01 5248723    /usr/lib/i386-linux-gnu/gdk-pixbuf-2.0/2.10.0/loaders/libpixbufloader-png.so
00974000-00975000 r--p 00003000 08:01 5248723    /usr/lib/i386-linux-gnu/gdk-pixbuf-2.0/2.10.0/loaders/libpixbufloader-png.so
00975000-00976000 rw-p 00004000 08:01 5248723    /usr/lib/i386-linux-gnu/gdk-pixbuf-2.0/2.10.0/loaders/libpixbufloader-png.so
00976000-0097b000 r-xp 00000000 08:01 5248750    /usr/lib/i386-linux-gnu/gtk-2.0/2.10.0/immodules/im-ibus.so
0097b000-0097c000 ---p 00005000 08:01 5248750    /usr/lib/i386-linux-gnu/gtk-2.0/2.10.0/immodules/im-ibus.so
0097c000-0097d000 r--p 00005000 08:01 5248750    /usr/lib/i386-linux-gnu/gtk-2.0/2.10.0/immodules/im-ibus.so
0097d000-0097e000 rw-p 00006000 08:01 5248750    /usr/lib/i386-linux-gnu/gtk-2.0/2.10.0/immodules/im-ibus.so
0097e000-00991000 r-xp 00000000 08:01 5247476    /usr/lib/gio/modules/libgioremote-volume-monitor.so
00991000-00992000 r--p 00012000 08:01 5247476    /usr/lib/gio/modules/libgioremote-volume-monitor.so
00992000-00993000 rw-p 00013000 08:01 5247476    /usr/lib/gio/modules/libgioremote-volume-monitor.so
00993000-0099a000 r-xp 00000000 08:01 5247475    /usr/lib/gio/modules/libdconfsettings.so
0099a000-0099b000 r--p 00006000 08:01 5247475    /usr/lib/gio/modules/libdconfsettings.so
0099b000-0099c000 rw-p 00007000 08:01 5247475    /usr/lib/gio/modules/libdconfsettings.so
0099c000-009a1000 r-xp 00000000 08:01 5248717    /usr/lib/i386-linux-gnu/gdk-pixbuf-2.0/2.10.0/loaders/libpixbufloader-gif.so
009a1000-009a2000 r--p 00004000 08:01 5248717    /usr/lib/i386-linux-gnu/gdk-pixbuf-2.0/2.10.0/loaders/libpixbufloader-gif.so
009a2000-009a3000 rw-p 00005000 08:01 5248717    /usr/lib/i386-linux-gnu/gdk-pixbuf-2.0/2.10.0/loaders/libpixbufloader-gif.so
009a3000-009b3000 r-xp 00000000 08:01 17826798   /lib/i386-linux-gnu/libudev.so.0.12.0
009b3000-009b4000 r--p 0000f000 08:01 17826798   /lib/i386-linux-gnu/libudev.so.0.12.0
009b4000-009b5000 rw-p 00010000 08:01 17826798   /lib/i386-linux-gnu/libudev.so.0.12.0
009b8000-009c1000 r-xp 00000000 08:01 5248138    /usr/lib/i386-linux-gnu/libXrender.so.1.3.0
009c1000-009c2000 r--p 00008000 08:01 5248138    /usr/lib/i386-linux-gnu/libXrender.so.1.3.0
009c2000-009c3000 rw-p 00009000 08:01 5248138    /usr/lib/i386-linux-gnu/libXrender.so.1.3.0
009c3000-009d8000 r-xp 00000000 08:01 5248032    /usr/lib/gvfs/libgvfscommon.so
009d8000-009d9000 r--p 00015000 08:01 5248032    /usr/lib/gvfs/libgvfscommon.so
009d9000-009da000 rw-p 00016000 08:01 5248032    /usr/lib/gvfs/libgvfscommon.so
009da000-009e3000 r-xp 00000000 08:01 5378184    /usr/share/eclipse/configuration/org.eclipse.osgi/bundles/593/1/.cp/libswt-atk-gtk-3738.so
009e3000-009e4000 rw-p 00009000 08:01 5378184    /usr/share/eclipse/configuration/org.eclipse.osgi/bundles/593/1/.cp/libswt-atk-gtk-3738.so
009e4000-009ee000 r-xp 00000000 08:01 8787424    /home/yemel/.eclipse/org.eclipse.platform_3.7.0_1543616141/configuration/org.eclipse.osgi/bundles/593/1/.cp/libswt-cairo-gtk-3738.so
009ee000-009ef000 rw-p 00009000 08:01 8787424    /home/yemel/.eclipse/org.eclipse.platform_3.7.0_1543616141/configuration/org.eclipse.osgi/bundles/593/1/.cp/libswt-cairo-gtk-3738.so
009ef000-009f7000 r-xp 00000000 08:01 8787440    /home/yemel/.eclipse/org.eclipse.platform_3.7.0_1543616141/configuration/org.eclipse.osgi/bundles/593/1/.cp/libswt-webkit-gtk-3738.so
009f7000-009f8000 rw-p 00007000 08:01 8787440    /home/yemel/.eclipse/org.eclipse.platform_3.7.0_1543616141/configuration/org.eclipse.osgi/bundles/593/1/.cp/libswt-webkit-gtk-3738.so
009f8000-009fe000 r-xp 00000000 08:01 5248222    /usr/lib/i386-linux-gnu/libgailutil.so.18.0.1
009fe000-009ff000 r--p 00005000 08:01 5248222    /usr/lib/i386-linux-gnu/libgailutil.so.18.0.1
009ff000-00a00000 rw-p 00006000 08:01 5248222    /usr/lib/i386-linux-gnu/libgailutil.so.18.0.1
00a03000-00afa000 r-xp 00000000 08:01 17826750   /lib/i386-linux-gnu/libglib-2.0.so.0.3000.0
00afa000-00afb000 r--p 000f6000 08:01 17826750   /lib/i386-linux-gnu/libglib-2.0.so.0.3000.0
00afb000-00afc000 rw-p 000f7000 08:01 17826750   /lib/i386-linux-gnu/libglib-2.0.so.0.3000.0
00afc000-00b03000 r-xp 00000000 08:01 5248110    /usr/lib/i386-linux-gnu/libSM.so.6.0.1
00b03000-00b04000 r--p 00006000 08:01 5248110    /usr/lib/i386-linux-gnu/libSM.so.6.0.1
00b04000-00b05000 rw-p 00007000 08:01 5248110    /usr/lib/i386-linux-gnu/libSM.so.6.0.1
00b05000-00b52000 r-xp 00000000 08:01 5248246    /usr/lib/i386-linux-gnu/libgobject-2.0.so.0.3000.0
00b52000-00b53000 r--p 0004d000 08:01 5248246    /usr/lib/i386-linux-gnu/libgobject-2.0.so.0.3000.0
00b53000-00b54000 rw-p 0004e000 08:01 5248246    /usr/lib/i386-linux-gnu/libgobject-2.0.so.0.3000.0
00b54000-00b7e000 r-xp 00000000 08:01 5247477    /usr/lib/gio/modules/libgvfsdbus.so
00b7e000-00b7f000 r--p 00029000 08:01 5247477    /usr/lib/gio/modules/libgvfsdbus.so
00b7f000-00b80000 rw-p 0002a000 08:01 5247477    /usr/lib/gio/modules/libgvfsdbus.so
00b82000-00b8d000 r-xp 00000000 08:01 17826766   /lib/i386-linux-gnu/libnss_files-2.13.so
00b8d000-00b8e000 r--p 0000a000 08:01 17826766   /lib/i386-linux-gnu/libnss_files-2.13.so
00b8e000-00b8f000 rw-p 0000b000 08:01 17826766   /lib/i386-linux-gnu/libnss_files-2.13.so
00b8f000-00b99000 r-xp 00000000 08:01 5245818    /usr/lib/libenchant.so.1.6.0
00b99000-00b9a000 r--p 00009000 08:01 5245818    /usr/lib/libenchant.so.1.6.0
00b9a000-00b9b000 rw-p 0000a000 08:01 5245818    /usr/lib/libenchant.so.1.6.0
00b9b000-00ba9000 r-xp 00000000 08:01 5248132    /usr/lib/i386-linux-gnu/libXi.so.6.1.0
00ba9000-00baa000 r--p 0000d000 08:01 5248132    /usr/lib/i386-linux-gnu/libXi.so.6.1.0
00baa000-00bab000 rw-p 0000e000 08:01 5248132    /usr/lib/i386-linux-gnu/libXi.so.6.1.0
00bab000-00bea000 r-xp 00000000 08:01 5246043    /usr/lib/libibus-1.0.so.0.0.0
00bea000-00beb000 r--p 0003f000 08:01 5246043    /usr/lib/libibus-1.0.so.0.0.0
00beb000-00bec000 rw-p 00040000 08:01 5246043    /usr/lib/libibus-1.0.so.0.0.0
00bec000-00bf7000 r-xp 00000000 08:01 5245945    /usr/lib/libgstapp-0.10.so.0.24.0
00bf7000-00bf8000 r--p 0000a000 08:01 5245945    /usr/lib/libgstapp-0.10.so.0.24.0
00bf8000-00bf9000 rw-p 0000b000 08:01 5245945    /usr/lib/libgstapp-0.10.so.0.24.0
00bf9000-00bfd000 r-xp 00000000 08:01 17826804   /lib/i386-linux-gnu/libuuid.so.1.3.0
00bfd000-00bfe000 r--p 00003000 08:01 17826804   /lib/i386-linux-gnu/libuuid.so.1.3.0
00bfe000-00bff000 rw-p 00004000 08:01 17826804   /lib/i386-linux-gnu/libuuid.so.1.3.0
00c01000-00c0c000 r-xp 00000000 08:01 5248320    /usr/lib/i386-linux-gnu/libpangocairo-1.0.so.0.2903.0
00c0c000-00c0d000 r--p 0000a000 08:01 5248320    /usr/lib/i386-linux-gnu/libpangocairo-1.0.so.0.2903.0
00c0d000-00c0e000 rw-p 0000b000 08:01 5248320    /usr/lib/i386-linux-gnu/libpangocairo-1.0.so.0.2903.0
00c0e000-00c10000 r-xp 00000000 08:01 5248648    /usr/lib/i386-linux-gnu/gconv/ISO8859-1.so
00c10000-00c11000 r--p 00001000 08:01 5248648    /usr/lib/i386-linux-gnu/gconv/ISO8859-1.so
00c11000-00c12000 rw-p 00002000 08:01 5248648    /usr/lib/i386-linux-gnu/gconv/ISO8859-1.so
00c12000-00c1d000 r-xp 00000000 08:01 5777173    /usr/lib/jvm/java-6-openjdk/jre/lib/i386/libverify.so
00c1d000-00c1e000 ---p 0000b000 08:01 5777173    /usr/lib/jvm/java-6-openjdk/jre/lib/i386/libverify.so
00c1e000-00c1f000 r--p 0000b000 08:01 5777173    /usr/lib/jvm/java-6-openjdk/jre/lib/i386/libverify.so
00c1f000-00c20000 rw-p 0000c000 08:01 5777173    /usr/lib/jvm/java-6-openjdk/jre/lib/i386/libverify.so
00c20000-00c2f000 r-xp 00000000 08:01 5245965    /usr/lib/libgstinterfaces-0.10.so.0.24.0
00c2f000-00c30000 ---p 0000f000 08:01 5245965    /usr/lib/libgstinterfaces-0.10.so.0.24.0
00c30000-00c31000 r--p 0000f000 08:01 5245965    /usr/lib/libgstinterfaces-0.10.so.0.24.0
00c31000-00c32000 rw-p 00010000 08:01 5245965    /usr/lib/libgstinterfaces-0.10.so.0.24.0
00c32000-00c3d000 r-xp 00000000 08:01 5245987    /usr/lib/libgstvideo-0.10.so.0.24.0
00c3d000-00c3e000 r--p 0000a000 08:01 5245987    /usr/lib/libgstvideo-0.10.so.0.24.0
00c3e000-00c3f000 rw-p 0000b000 08:01 5245987    /usr/lib/libgstvideo-0.10.so.0.24.0
00c3f000-00c44000 r-xp 00000000 08:01 8787441    /home/yemel/.eclipse/org.eclipse.platform_3.7.0_1543616141/configuration/org.eclipse.osgi/bundles/593/1/.cp/libswt-xpcominit-gtk-3738.so
00c44000-00c46000 rw-p 00005000 08:01 8787441    /home/yemel/.eclipse/org.eclipse.platform_3.7.0_1543616141/configuration/org.eclipse.osgi/bundles/593/1/.cp/libswt-xpcominit-gtk-3738.so
00c46000-00c4a000 r-xp 00000000 08:01 5247148    /usr/lib/enchant/libenchant_myspell.so
00c4a000-00c4b000 r--p 00003000 08:01 5247148    /usr/lib/enchant/libenchant_myspell.so
00c4b000-00c4c000 rw-p 00004000 08:01 5247148    /usr/lib/enchant/libenchant_myspell.so
00c4d000-00c4f000 r-xp 00000000 08:01 5248822    /usr/lib/i386-linux-gnu/pango/1.6.0/modules/pango-basic-fc.so
00c4f000-00c50000 r--p 00001000 08:01 5248822    /usr/lib/i386-linux-gnu/pango/1.6.0/modules/pango-basic-fc.so
00c50000-00c51000 rw-p 00002000 08:01 5248822    /usr/lib/i386-linux-gnu/pango/1.6.0/modules/pango-basic-fc.so
00c51000-00c5c000 r-xp 00000000 08:01 5247147    /usr/lib/enchant/libenchant_ispell.so
00c5c000-00c5d000 r--p 0000a000 08:01 5247147    /usr/lib/enchant/libenchant_ispell.so
00c5d000-00c5e000 rw-p 0000b000 08:01 5247147    /usr/lib/enchant/libenchant_ispell.so
00c5e000-00c66000 rwxp 00000000 00:00 0 
00c67000-00d12000 r-xp 00000000 08:01 5248228    /usr/lib/i386-linux-gnu/libgdk-x11-2.0.so.0.2400.6
00d12000-00d14000 r--p 000ab000 08:01 5248228    /usr/lib/i386-linux-gnu/libgdk-x11-2.0.so.0.2400.6
00d14000-00d15000 rw-p 000ad000 08:01 5248228    /usr/lib/i386-linux-gnu/libgdk-x11-2.0.so.0.2400.6
00d15000-00d33000 r-xp 00000000 08:01 5245971    /usr/lib/libgstpbutils-0.10.so.0.24.0
00d33000-00d34000 r--p 0001e000 08:01 5245971    /usr/lib/libgstpbutils-0.10.so.0.24.0
00d34000-00d35000 rw-p 0001f000 08:01 5245971    /usr/lib/libgstpbutils-0.10.so.0.24.0
00d35000-00d3e000 r-xp 00000000 08:01 5247146    /usr/lib/enchant/libenchant_hspell.so
00d3e000-00d3f000 r--p 00008000 08:01 5247146    /usr/lib/enchant/libenchant_hspell.so
00d3f000-00d41000 rw-p 00009000 08:01 5247146    /usr/lib/enchant/libenchant_hspell.so
00d43000-00d6c000 r-xp 00000000 08:01 5248398    /usr/lib/i386-linux-gnu/libvorbis.so.0.4.5
00d6c000-00d6d000 r--p 00028000 08:01 5248398    /usr/lib/i386-linux-gnu/libvorbis.so.0.4.5
00d6d000-00d6e000 rw-p 00029000 08:01 5248398    /usr/lib/i386-linux-gnu/libvorbis.so.0.4.5
00d72000-00d74000 r-xp 00000000 08:01 17825858   /lib/libnss_mdns4_minimal.so.2
00d74000-00d75000 r--p 00001000 08:01 17825858   /lib/libnss_mdns4_minimal.so.2
00d75000-00d76000 rw-p 00002000 08:01 17825858   /lib/libnss_mdns4_minimal.so.2
00d76000-00d7b000 r-xp 00000000 08:01 17826764   /lib/i386-linux-gnu/libnss_dns-2.13.so
00d7b000-00d7c000 r--p 00004000 08:01 17826764   /lib/i386-linux-gnu/libnss_dns-2.13.so
00d7c000-00d7d000 rw-p 00005000 08:01 17826764   /lib/i386-linux-gnu/libnss_dns-2.13.so
00d7d000-00d81000 rwxp 00000000 00:00 0 
00d81000-00d86000 r-xp 00000000 08:01 5248124    /usr/lib/i386-linux-gnu/libXdmcp.so.6.0.0
00d86000-00d87000 r--p 00004000 08:01 5248124    /usr/lib/i386-linux-gnu/libXdmcp.so.6.0.0
00d87000-00d88000 rw-p 00005000 08:01 5248124    /usr/lib/i386-linux-gnu/libXdmcp.so.6.0.0
00d88000-00d9e000 r-xp 00000000 08:01 5248071    /usr/lib/i386-linux-gnu/libICE.so.6.3.0
00d9e000-00d9f000 r--p 00015000 08:01 5248071    /usr/lib/i386-linux-gnu/libICE.so.6.3.0
00d9f000-00da0000 rw-p 00016000 08:01 5248071    /usr/lib/i386-linux-gnu/libICE.so.6.3.0
00da0000-00da2000 rw-p 00000000 00:00 0 
00da2000-00da5000 r-xp 00000000 08:01 5248162    /usr/lib/i386-linux-gnu/libavahi-glib.so.1.0.2
00da5000-00da6000 r--p 00002000 08:01 5248162    /usr/lib/i386-linux-gnu/libavahi-glib.so.1.0.2
00da6000-00da7000 rw-p 00003000 08:01 5248162    /usr/lib/i386-linux-gnu/libavahi-glib.so.1.0.2
00da9000-00db5000 r-xp 00000000 08:01 6166049    /usr/share/eclipse/plugins/org.eclipse.equinox.launcher.gtk.linux.x86_1.1.100.v20110505/eclipse_1407.so
00db5000-00db6000 rw-p 0000c000 08:01 6166049    /usr/share/eclipse/plugins/org.eclipse.equinox.launcher.gtk.linux.x86_1.1.100.v20110505/eclipse_1407.so
00db6000-00e11000 r-xp 00000000 08:01 5378183    /usr/share/eclipse/configuration/org.eclipse.osgi/bundles/593/1/.cp/libswt-pi-gtk-3738.so
00e11000-00e13000 rw-p 0005a000 08:01 5378183    /usr/share/eclipse/configuration/org.eclipse.osgi/bundles/593/1/.cp/libswt-pi-gtk-3738.so
00e13000-00e14000 rw-p 00000000 00:00 0 
00e14000-00e36000 r-xp 00000000 08:01 5248269    /usr/lib/i386-linux-gnu/libjpeg.so.62.0.0
00e36000-00e37000 r--p 00022000 08:01 5248269    /usr/lib/i386-linux-gnu/libjpeg.so.62.0.0
00e37000-00e38000 rw-p 00023000 08:01 5248269    /usr/lib/i386-linux-gnu/libjpeg.so.62.0.0
00e38000-00e3b000 r-xp 00000000 08:01 17826752   /lib/i386-linux-gnu/libgpg-error.so.0.8.0
00e3b000-00e3c000 r--p 00002000 08:01 17826752   /lib/i386-linux-gnu/libgpg-error.so.0.8.0
00e3c000-00e3d000 rw-p 00003000 08:01 17826752   /lib/i386-linux-gnu/libgpg-error.so.0.8.0
00e3d000-00e41000 r-xp 00000000 08:01 5245651    /usr/lib/libORBitCosNaming-2.so.0.1.0
00e41000-00e42000 r--p 00003000 08:01 5245651    /usr/lib/libORBitCosNaming-2.so.0.1.0
00e42000-00e43000 rw-p 00004000 08:01 5245651    /usr/lib/libORBitCosNaming-2.so.0.1.0
00e45000-00e48000 r-xp 00000000 08:01 17826736   /lib/i386-linux-gnu/libdl-2.13.so
00e48000-00e49000 r--p 00002000 08:01 17826736   /lib/i386-linux-gnu/libdl-2.13.so
00e49000-00e4a000 rw-p 00003000 08:01 17826736   /lib/i386-linux-gnu/libdl-2.13.so
00e4a000-00e56000 r-xp 00000000 08:01 5248158    /usr/lib/i386-linux-gnu/libavahi-common.so.3.5.3
00e56000-00e57000 r--p 0000b000 08:01 5248158    /usr/lib/i386-linux-gnu/libavahi-common.so.3.5.3
00e57000-00e58000 rw-p 0000c000 08:01 5248158    /usr/lib/i386-linux-gnu/libavahi-common.so.3.5.3
00e58000-00e5a000 r-xp 00000000 08:01 17826801   /lib/i386-linux-gnu/libutil-2.13.so
00e5a000-00e5b000 r--p 00001000 08:01 17826801   /lib/i386-linux-gnu/libutil-2.13.so
00e5b000-00e5c000 rw-p 00002000 08:01 17826801   /lib/i386-linux-gnu/libutil-2.13.so
00e5c000-00e60000 r-xp 00000000 08:01 5248721    /usr/lib/i386-linux-gnu/gdk-pixbuf-2.0/2.10.0/loaders/libpixbufloader-jpeg.so
00e60000-00e61000 r--p 00003000 08:01 5248721    /usr/lib/i386-linux-gnu/gdk-pixbuf-2.0/2.10.0/loaders/libpixbufloader-jpeg.so
00e61000-00e62000 rw-p 00004000 08:01 5248721    /usr/lib/i386-linux-gnu/gdk-pixbuf-2.0/2.10.0/loaders/libpixbufloader-jpeg.so
00e66000-00e8c000 r-xp 00000000 08:01 17826741   /lib/i386-linux-gnu/libexpat.so.1.5.2
00e8c000-00e8d000 ---p 00026000 08:01 17826741   /lib/i386-linux-gnu/libexpat.so.1.5.2
00e8d000-00e8f000 r--p 00026000 08:01 17826741   /lib/i386-linux-gnu/libexpat.so.1.5.2
00e8f000-00e90000 rw-p 00028000 08:01 17826741   /lib/i386-linux-gnu/libexpat.so.1.5.2
00e90000-00ed7000 r-xp 00000000 08:01 17826735   /lib/i386-linux-gnu/libdbus-1.so.3.5.7
00ed7000-00ed8000 r--p 00046000 08:01 17826735   /lib/i386-linux-gnu/libdbus-1.so.3.5.7
00ed8000-00ed9000 rw-p 00047000 08:01 17826735   /lib/i386-linux-gnu/libdbus-1.so.3.5.7
00ed9000-00eea000 r-xp 00000000 08:01 5248156    /usr/lib/i386-linux-gnu/libavahi-client.so.3.2.9
00eea000-00eeb000 r--p 00010000 08:01 5248156    /usr/lib/i386-linux-gnu/libavahi-client.so.3.2.9
00eeb000-00eec000 rw-p 00011000 08:01 5248156    /usr/lib/i386-linux-gnu/libavahi-client.so.3.2.9
00eec000-00ef3000 r-xp 00000000 08:01 5248136    /usr/lib/i386-linux-gnu/libXrandr.so.2.2.0
00ef3000-00ef4000 r--p 00006000 08:01 5248136    /usr/lib/i386-linux-gnu/libXrandr.so.2.2.0
00ef4000-00ef5000 rw-p 00007000 08:01 5248136    /usr/lib/i386-linux-gnu/libXrandr.so.2.2.0
00ef5000-00f2b000 r-xp 00000000 08:01 5248355    /usr/lib/i386-linux-gnu/librsvg-2.so.2.34.1
00f2b000-00f2c000 r--p 00036000 08:01 5248355    /usr/lib/i386-linux-gnu/librsvg-2.so.2.34.1
00f2c000-00f2d000 rw-p 00037000 08:01 5248355    /usr/lib/i386-linux-gnu/librsvg-2.so.2.34.1
00f2d000-00f37000 r-xp 00000000 08:01 17825879   /lib/libpopt.so.0.0.0
00f37000-00f38000 r--p 00009000 08:01 17825879   /lib/libpopt.so.0.0.0
00f38000-00f39000 rw-p 0000a000 08:01 17825879   /lib/libpopt.so.0.0.0
00f3c000-00f53000 r-xp 00000000 08:01 17826785   /lib/i386-linux-gnu/libpthread-2.13.so
00f53000-00f54000 r--p 00016000 08:01 17826785   /lib/i386-linux-gnu/libpthread-2.13.so
00f54000-00f55000 rw-p 00017000 08:01 17826785   /lib/i386-linux-gnu/libpthread-2.13.so
00f55000-00f57000 rw-p 00000000 00:00 0 
00f57000-01088000 r-xp 00000000 08:01 5248114    /usr/lib/i386-linux-gnu/libX11.so.6.3.0
01088000-01089000 ---p 00131000 08:01 5248114    /usr/lib/i386-linux-gnu/libX11.so.6.3.0
01089000-0108a000 r--p 00131000 08:01 5248114    /usr/lib/i386-linux-gnu/libX11.so.6.3.0
0108a000-0108c000 rw-p 00132000 08:01 5248114    /usr/lib/i386-linux-gnu/libX11.so.6.3.0
0108c000-0108d000 rw-p 00000000 00:00 0 
0108d000-010e5000 r-xp 00000000 08:01 5248140    /usr/lib/i386-linux-gnu/libXt.so.6.0.0
010e5000-010e6000 r--p 00057000 08:01 5248140    /usr/lib/i386-linux-gnu/libXt.so.6.0.0
010e6000-010e9000 rw-p 00058000 08:01 5248140    /usr/lib/i386-linux-gnu/libXt.so.6.0.0
0110b000-011ec000 r-xp 00000000 08:01 5245975    /usr/lib/libgstreamer-0.10.so.0.29.0
011ec000-011ef000 r--p 000e0000 08:01 5245975    /usr/lib/libgstreamer-0.10.so.0.29.0
011ef000-011f0000 rw-p 000e3000 08:01 5245975    /usr/lib/libgstreamer-0.10.so.0.29.0
011f0000-011f1000 rw-p 00000000 00:00 0 
011f1000-01242000 r-xp 00000000 08:01 5246039    /usr/lib/libhunspell-1.2.so.0.0.0
01242000-01243000 r--p 00050000 08:01 5246039    /usr/lib/libhunspell-1.2.so.0.0.0
01243000-01247000 rw-p 00051000 08:01 5246039    /usr/lib/libhunspell-1.2.so.0.0.0
01247000-01273000 r-xp 00000000 08:01 5245856    /usr/lib/libgconf-2.so.4.1.5
01273000-01274000 r--p 0002b000 08:01 5245856    /usr/lib/libgconf-2.so.4.1.5
01274000-01275000 rw-p 0002c000 08:01 5245856    /usr/lib/libgconf-2.so.4.1.5
01295000-016f6000 r-xp 00000000 08:01 5248254    /usr/lib/i386-linux-gnu/libgtk-x11-2.0.so.0.2400.6
016f6000-016fa000 r--p 00461000 08:01 5248254    /usr/lib/i386-linux-gnu/libgtk-x11-2.0.so.0.2400.6
016fa000-016fc000 rw-p 00465000 08:01 5248254    /usr/lib/i386-linux-gnu/libgtk-x11-2.0.so.0.2400.6
016fc000-016fe000 rw-p 00000000 00:00 0 
016fe000-018c2000 r-xp 00000000 08:01 5246053    /usr/lib/libicui18n.so.44.2
018c2000-018c8000 r--p 001c3000 08:01 5246053    /usr/lib/libicui18n.so.44.2
018c8000-018c9000 rw-p 001c9000 08:01 5246053    /usr/lib/libicui18n.so.44.2
018c9000-018ca000 rw-p 00000000 00:00 0 
018ca000-0195d000 r-xp 00000000 08:01 5777148    /usr/lib/jvm/java-6-openjdk/jre/lib/i386/libawt.so
0195d000-0195e000 r--p 00092000 08:01 5777148    /usr/lib/jvm/java-6-openjdk/jre/lib/i386/libawt.so
0195e000-01965000 rw-p 00093000 08:01 5777148    /usr/lib/jvm/java-6-openjdk/jre/lib/i386/libawt.so
01965000-01989000 rw-p 00000000 00:00 0 
01989000-01a0b000 r-xp 00000000 08:01 17826748   /lib/i386-linux-gnu/libgcrypt.so.11.7.0
01a0b000-01a0c000 r--p 00081000 08:01 17826748   /lib/i386-linux-gnu/libgcrypt.so.11.7.0
01a0c000-01a0e000 rw-p 00082000 08:01 17826748   /lib/i386-linux-gnu/libgcrypt.so.11.7.0
01a0e000-01a4e000 r-xp 00000000 08:01 5248802    /usr/lib/i386-linux-gnu/nss/libsoftokn3.so
01a4e000-01a4f000 r--p 0003f000 08:01 5248802    /usr/lib/i386-linux-gnu/nss/libsoftokn3.so
01a4f000-01a50000 rw-p 00040000 08:01 5248802    /usr/lib/i386-linux-gnu/nss/libsoftokn3.so
01bd2000-01c22000 r-xp 00000000 08:01 5252436    /usr/lib/libbonobo-2.so.0.0.0
01c22000-01c23000 ---p 00050000 08:01 5252436    /usr/lib/libbonobo-2.so.0.0.0
01c23000-01c26000 r--p 00050000 08:01 5252436    /usr/lib/libbonobo-2.so.0.0.0
01c26000-01c2d000 rw-p 00053000 08:01 5252436    /usr/lib/libbonobo-2.so.0.0.0
01e87000-01eaa000 r-xp 00000000 08:01 5248199    /usr/lib/i386-linux-gnu/libdbus-glib-1.so.2.2.0
01eaa000-01eab000 r--p 00022000 08:01 5248199    /usr/lib/i386-linux-gnu/libdbus-glib-1.so.2.2.0
01eab000-01eac000 rw-p 00023000 08:01 5248199    /usr/lib/i386-linux-gnu/libdbus-glib-1.so.2.2.0
02376000-023ad000 r-xp 00000000 08:01 5248302    /usr/lib/i386-linux-gnu/libnspr4.so
023ad000-023ae000 ---p 00037000 08:01 5248302    /usr/lib/i386-linux-gnu/libnspr4.so
023ae000-023af000 r--p 00037000 08:01 5248302    /usr/lib/i386-linux-gnu/libnspr4.so
023af000-023b0000 rw-p 00038000 08:01 5248302    /usr/lib/i386-linux-gnu/libnspr4.so
023b0000-023b2000 rw-p 00000000 00:00 0 
0259d000-025fc000 r-xp 00000000 08:01 5246297    /usr/lib/libsoup-2.4.so.1.4.0
025fc000-025fd000 r--p 0005f000 08:01 5246297    /usr/lib/libsoup-2.4.so.1.4.0
025fd000-025fe000 rw-p 00060000 08:01 5246297    /usr/lib/libsoup-2.4.so.1.4.0
027ac000-02848000 r-xp 00000000 08:01 5245699    /usr/lib/libaspell.so.15.1.4
02848000-0284b000 r--p 0009c000 08:01 5245699    /usr/lib/libaspell.so.15.1.4
0284b000-0284c000 rw-p 0009f000 08:01 5245699    /usr/lib/libaspell.so.15.1.4
0284c000-02850000 rw-p 00000000 00:00 0 
02aa6000-02fb9000 r-xp 00000000 08:01 5777140    /usr/lib/jvm/java-6-openjdk/jre/lib/i386/client/libjvm.so
02fb9000-02fd0000 r--p 00512000 08:01 5777140    /usr/lib/jvm/java-6-openjdk/jre/lib/i386/client/libjvm.so
02fd0000-02fdd000 rw-p 00529000 08:01 5777140    /usr/lib/jvm/java-6-openjdk/jre/lib/i386/client/libjvm.so
02fdd000-033f5000 rw-p 00000000 00:00 0 
0411f000-041fd000 r-xp 00000000 08:01 5248379    /usr/lib/i386-linux-gnu/libstdc++.so.6.0.16
041fd000-041fe000 ---p 000de000 08:01 5248379    /usr/lib/i386-linux-gnu/libstdc++.so.6.0.16
041fe000-04202000 r--p 000de000 08:01 5248379    /usr/lib/i386-linux-gnu/libstdc++.so.6.0.16
04202000-04203000 rw-p 000e2000 08:01 5248379    /usr/lib/i386-linux-gnu/libstdc++.so.6.0.16
04203000-0420a000 rw-p 00000000 00:00 0 
044b4000-04552000 r-xp 00000000 08:01 5248374    /usr/lib/i386-linux-gnu/libsqlite3.so.0.8.6
04552000-04553000 ---p 0009e000 08:01 5248374    /usr/lib/i386-linux-gnu/libsqlite3.so.0.8.6
04553000-04554000 r--p 0009e000 08:01 5248374    /usr/lib/i386-linux-gnu/libsqlite3.so.0.8.6
04554000-04555000 rw-p 0009f000 08:01 5248374    /usr/lib/i386-linux-gnu/libsqlite3.so.0.8.6
04555000-04556000 rw-p 00000000 00:00 0 
046d4000-046e6000 r-xp 00000000 08:01 5252445    /usr/lib/libgnome-2.so.0.3200.1
046e6000-046e7000 r--p 00011000 08:01 5252445    /usr/lib/libgnome-2.so.0.3200.1
046e7000-046e8000 rw-p 00012000 08:01 5252445    /usr/lib/libgnome-2.so.0.3200.1
047b2000-05bdf000 r-xp 00000000 08:01 5246393    /usr/lib/libwebkitgtk-1.0.so.0.7.3
05bdf000-05cac000 r--p 0142c000 08:01 5246393    /usr/lib/libwebkitgtk-1.0.so.0.7.3
05cac000-05cc3000 rw-p 014f9000 08:01 5246393    /usr/lib/libwebkitgtk-1.0.so.0.7.3
05cc3000-05cd9000 rw-p 00000000 00:00 0 
05ce7000-05cf7000 r-xp 00000000 08:01 5248383    /usr/lib/i386-linux-gnu/libtasn1.so.3.1.11
05cf7000-05cf8000 r--p 0000f000 08:01 5248383    /usr/lib/i386-linux-gnu/libtasn1.so.3.1.11
05cf8000-05cf9000 rw-p 00010000 08:01 5248383    /usr/lib/i386-linux-gnu/libtasn1.so.3.1.11
06098000-060a7000 r-xp 00000000 08:01 5777155    /usr/lib/jvm/java-6-openjdk/jre/lib/i386/libj2pkcs11.so
060a7000-060a8000 r--p 0000e000 08:01 5777155    /usr/lib/jvm/java-6-openjdk/jre/lib/i386/libj2pkcs11.so
060a8000-060a9000 rw-p 0000f000 08:01 5777155    /usr/lib/jvm/java-6-openjdk/jre/lib/i386/libj2pkcs11.so
060c9000-06210000 r-xp 00000000 08:01 5246421    /usr/lib/libxml2.so.2.7.8
06210000-06214000 r--p 00147000 08:01 5246421    /usr/lib/libxml2.so.2.7.8
06214000-06215000 rw-p 0014b000 08:01 5246421    /usr/lib/libxml2.so.2.7.8
06215000-06216000 rw-p 00000000 00:00 0 
062d8000-06324000 r-xp 00000000 08:01 6300690    /usr/lib/jvm/java-6-openjdk/jre/lib/i386/xawt/libmawt.so
06324000-06325000 r--p 0004b000 08:01 6300690    /usr/lib/jvm/java-6-openjdk/jre/lib/i386/xawt/libmawt.so
06325000-06327000 rw-p 0004c000 08:01 6300690    /usr/lib/jvm/java-6-openjdk/jre/lib/i386/xawt/libmawt.so
06327000-06328000 rw-p 00000000 00:00 0 
06498000-064af000 r-xp 00000000 08:01 5248311    /usr/lib/i386-linux-gnu/libnssutil3.so
064af000-064b2000 r--p 00016000 08:01 5248311    /usr/lib/i386-linux-gnu/libnssutil3.so
064b2000-064b3000 rw-p 00019000 08:01 5248311    /usr/lib/i386-linux-gnu/libnssutil3.so
066dc000-06733000 r-xp 00000000 08:01 5245949    /usr/lib/libgstbase-0.10.so.0.29.0
06733000-06734000 r--p 00056000 08:01 5245949    /usr/lib/libgstbase-0.10.so.0.29.0
06734000-06735000 rw-p 00057000 08:01 5245949    /usr/lib/libgstbase-0.10.so.0.29.0
069bc000-069ce000 r-xp 00000000 08:01 5252437    /usr/lib/libbonobo-activation.so.4.0.0
069ce000-069cf000 r--p 00012000 08:01 5252437    /usr/lib/libbonobo-activation.so.4.0.0
069cf000-069d0000 rw-p 00013000 08:01 5252437    /usr/lib/libbonobo-activation.so.4.0.0
069d0000-069d1000 rw-p 00000000 00:00 0 
06a36000-06a70000 r-xp 00000000 08:01 5246423    /usr/lib/libxslt.so.1.1.26
06a70000-06a71000 r--p 00039000 08:01 5246423    /usr/lib/libxslt.so.1.1.26
06a71000-06a72000 rw-p 0003a000 08:01 5246423    /usr/lib/libxslt.so.1.1.26
07240000-07367000 r-xp 00000000 08:01 5246065    /usr/lib/libicuuc.so.44.2
07367000-07370000 r--p 00126000 08:01 5246065    /usr/lib/libicuuc.so.44.2
07370000-07371000 rw-p 0012f000 08:01 5246065    /usr/lib/libicuuc.so.44.2
07371000-07375000 rw-p 00000000 00:00 0 
0790d000-07972000 r-xp 00000000 08:01 5245919    /usr/lib/libgnomevfs-2.so.0.2400.4
07972000-07974000 r--p 00064000 08:01 5245919    /usr/lib/libgnomevfs-2.so.0.2400.4
07974000-07976000 rw-p 00066000 08:01 5245919    /usr/lib/libgnomevfs-2.so.0.2400.4
07aa5000-07be1000 r-xp 00000000 08:01 5248303    /usr/lib/i386-linux-gnu/libnss3.so
07be1000-07be4000 r--p 0013b000 08:01 5248303    /usr/lib/i386-linux-gnu/libnss3.so
07be4000-07be6000 rw-p 0013e000 08:01 5248303    /usr/lib/i386-linux-gnu/libnss3.so
07e88000-07ec2000 r-xp 00000000 08:01 5777150    /usr/lib/jvm/java-6-openjdk/jre/lib/i386/libfontmanager.so
07ec2000-07ec3000 r--p 00039000 08:01 5777150    /usr/lib/jvm/java-6-openjdk/jre/lib/i386/libfontmanager.so
07ec3000-07ec4000 rw-p 0003a000 08:01 5777150    /usr/lib/jvm/java-6-openjdk/jre/lib/i386/libfontmanager.so
08048000-0804c000 r-xp 00000000 08:01 5255254    /usr/share/eclipse/eclipse
0804c000-0804d000 rw-p 00003000 08:01 5255254    /usr/share/eclipse/eclipse
084e2000-08513000 r-xp 00000000 08:01 5245763    /usr/lib/libcroco-0.6.so.3.0.1
08513000-08514000 r--p 00030000 08:01 5245763    /usr/lib/libcroco-0.6.so.3.0.1
08514000-08516000 rw-p 00031000 08:01 5245763    /usr/lib/libcroco-0.6.so.3.0.1
0852b000-0852f000 r-xp 00000000 08:01 5248337    /usr/lib/i386-linux-gnu/libplc4.so
0852f000-08530000 r--p 00003000 08:01 5248337    /usr/lib/i386-linux-gnu/libplc4.so
08530000-08531000 rw-p 00004000 08:01 5248337    /usr/lib/i386-linux-gnu/libplc4.so
08ac4000-08ac7000 r-xp 00000000 08:01 5248338    /usr/lib/i386-linux-gnu/libplds4.so
08ac7000-08ac8000 r--p 00002000 08:01 5248338    /usr/lib/i386-linux-gnu/libplds4.so
08ac8000-08ac9000 rw-p 00003000 08:01 5248338    /usr/lib/i386-linux-gnu/libplds4.so
08e6b000-08ebe000 r-xp 00000000 08:01 5248797    /usr/lib/i386-linux-gnu/nss/libfreebl3.so
08ebe000-08ebf000 r--p 00052000 08:01 5248797    /usr/lib/i386-linux-gnu/nss/libfreebl3.so
08ebf000-08ec0000 rw-p 00053000 08:01 5248797    /usr/lib/i386-linux-gnu/nss/libfreebl3.so
08ec0000-08ec4000 rw-p 00000000 00:00 0 
08f1b000-08fc5000 r-xp 00000000 08:01 5248244    /usr/lib/i386-linux-gnu/libgnutls.so.26.16.14
08fc5000-08fc6000 ---p 000aa000 08:01 5248244    /usr/lib/i386-linux-gnu/libgnutls.so.26.16.14
08fc6000-08fca000 r--p 000aa000 08:01 5248244    /usr/lib/i386-linux-gnu/libgnutls.so.26.16.14
08fca000-08fcb000 rw-p 000ae000 08:01 5248244    /usr/lib/i386-linux-gnu/libgnutls.so.26.16.14
09095000-090e6000 r-xp 00000000 08:01 5245647    /usr/lib/libORBit-2.so.0.1.0
090e6000-090ee000 r--p 00050000 08:01 5245647    /usr/lib/libORBit-2.so.0.1.0
090ee000-090f0000 rw-p 00058000 08:01 5245647    /usr/lib/libORBit-2.so.0.1.0
09ffe000-0ae62000 rw-p 00000000 00:00 0          [heap]
63830000-67500000 rw-p 00000000 00:00 0 
67500000-6e2d0000 rw-p 00000000 00:00 0 
6e2d0000-75c56000 rw-p 00000000 00:00 0 
75c56000-83830000 rw-p 00000000 00:00 0 
83830000-88230000 rw-p 00000000 00:00 0 
88230000-887f0000 ---p 00000000 00:00 0 
887f0000-93830000 rw-p 00000000 00:00 0 
93830000-93f91000 r--s 00001000 08:01 5777294    /usr/lib/jvm/java-6-openjdk/jre/lib/i386/client/classes.jsa
93f91000-94230000 rw-p 00000000 00:00 0 
94230000-9497a000 rw-p 00762000 08:01 5777294    /usr/lib/jvm/java-6-openjdk/jre/lib/i386/client/classes.jsa
9497a000-94e30000 rw-p 00000000 00:00 0 
94e30000-94f2c000 rw-p 00eac000 08:01 5777294    /usr/lib/jvm/java-6-openjdk/jre/lib/i386/client/classes.jsa
94f2c000-95230000 rw-p 00000000 00:00 0 
95230000-95238000 r-xs 00fa8000 08:01 5777294    /usr/lib/jvm/java-6-openjdk/jre/lib/i386/client/classes.jsa
95238000-95630000 rw-p 00000000 00:00 0 
af3f0000-af3f3000 ---p 00000000 00:00 0 
af3f3000-af441000 rw-p 00000000 00:00 0 
af441000-af444000 ---p 00000000 00:00 0 
af444000-af492000 rw-p 00000000 00:00 0 
af492000-af495000 ---p 00000000 00:00 0 
af495000-af4e3000 rw-p 00000000 00:00 0 
af4e3000-af4e6000 ---p 00000000 00:00 0 
af4e6000-af534000 rw-p 00000000 00:00 0 
af534000-af537000 ---p 00000000 00:00 0 
af537000-af585000 rw-p 00000000 00:00 0 
af585000-af588000 ---p 00000000 00:00 0 
af588000-af5d6000 rw-p 00000000 00:00 0 
af5d6000-af5d9000 ---p 00000000 00:00 0 
af5d9000-af627000 rw-p 00000000 00:00 0 
af627000-af62a000 ---p 00000000 00:00 0 
af62a000-af678000 rw-p 00000000 00:00 0 
af678000-af67b000 ---p 00000000 00:00 0 
af67b000-af6c9000 rw-p 00000000 00:00 0 
af6c9000-af6cc000 ---p 00000000 00:00 0 
af6cc000-af71a000 rw-p 00000000 00:00 0 
af71a000-af71d000 ---p 00000000 00:00 0 
af71d000-af76b000 rw-p 00000000 00:00 0 
af76b000-af76e000 ---p 00000000 00:00 0 
af76e000-af7bc000 rw-p 00000000 00:00 0 
af7bc000-af7bf000 ---p 00000000 00:00 0 
af7bf000-af80d000 rw-p 00000000 00:00 0 
af80d000-af810000 ---p 00000000 00:00 0 
af810000-af85e000 rw-p 00000000 00:00 0 
af85e000-af861000 ---p 00000000 00:00 0 
af861000-af8af000 rw-p 00000000 00:00 0 
af8af000-af8b2000 ---p 00000000 00:00 0 
af8b2000-af900000 rw-p 00000000 00:00 0 
af900000-af9dd000 rw-p 00000000 00:00 0 
af9dd000-afa00000 ---p 00000000 00:00 0 
afa0d000-afa10000 ---p 00000000 00:00 0 
afa10000-afa5e000 rw-p 00000000 00:00 0 
afa5e000-afa61000 ---p 00000000 00:00 0 
afa61000-afaaf000 rw-p 00000000 00:00 0 
afaaf000-afab2000 ---p 00000000 00:00 0 
afab2000-afb00000 rw-p 00000000 00:00 0 
afb00000-afbf9000 rw-p 00000000 00:00 0 
afbf9000-afc00000 ---p 00000000 00:00 0 
afc33000-afc36000 ---p 00000000 00:00 0 
afc36000-afc84000 rw-p 00000000 00:00 0 
afc84000-afc85000 ---p 00000000 00:00 0 
afc85000-b0485000 rw-p 00000000 00:00 0 
b0485000-b0895000 rw-p 00000000 00:00 0 
b0895000-b0896000 ---p 00000000 00:00 0 
b0896000-b11be000 rw-p 00000000 00:00 0 
b11be000-b11bf000 ---p 00000000 00:00 0 
b11bf000-b19bf000 rw-p 00000000 00:00 0 
b19bf000-b27ff000 r--p 00000000 08:01 5246051    /usr/lib/libicudata.so.44.2
b27ff000-b2800000 rw-p 00e3f000 08:01 5246051    /usr/lib/libicudata.so.44.2
b2800000-b28fe000 rw-p 00000000 00:00 0 
b28fe000-b2900000 ---p 00000000 00:00 0 
b2900000-b29f5000 rw-p 00000000 00:00 0 
b29f5000-b2a00000 ---p 00000000 00:00 0 
b2a0d000-b2a10000 ---p 00000000 00:00 0 
b2a10000-b2a5e000 rw-p 00000000 00:00 0 
b2a5e000-b2a61000 ---p 00000000 00:00 0 
b2a61000-b2aaf000 rw-p 00000000 00:00 0 
b2aaf000-b2ab2000 ---p 00000000 00:00 0 
b2ab2000-b2b00000 rw-p 00000000 00:00 0 
b2b00000-b2bfb000 rw-p 00000000 00:00 0 
b2bfb000-b2c00000 ---p 00000000 00:00 0 
b2c6b000-b2c6e000 ---p 00000000 00:00 0 
b2c6e000-b2cbc000 rw-p 00000000 00:00 0 
b2cbc000-b2cbf000 ---p 00000000 00:00 0 
b2cbf000-b2d0d000 rw-p 00000000 00:00 0 
b2d0d000-b2d10000 ---p 00000000 00:00 0 
b2d10000-b2d5e000 rw-p 00000000 00:00 0 
b2d5e000-b2d61000 ---p 00000000 00:00 0 
b2d61000-b2daf000 rw-p 00000000 00:00 0 
b2daf000-b2db2000 ---p 00000000 00:00 0 
b2db2000-b2e00000 rw-p 00000000 00:00 0 
b2e00000-b2ef9000 rw-p 00000000 00:00 0 
b2ef9000-b2f00000 ---p 00000000 00:00 0 
b2f24000-b2f84000 rw-s 00000000 00:04 43384843   /SYSV00000000 (deleted)
b2f97000-b3a33000 r--p 00000000 08:01 6689933    /usr/share/icons/hicolor/icon-theme.cache
b3a33000-b3c50000 r--p 00000000 08:01 6685489    /usr/share/icons/gnome/icon-theme.cache
b3c50000-b3d39000 r--p 00000000 08:01 6698336    /usr/share/icons/Humanity/icon-theme.cache
b3d39000-b3d44000 r--p 00000000 08:01 6705611    /usr/share/icons/Humanity-Dark/icon-theme.cache
b3d44000-b3d69000 r--p 00000000 08:01 6689935    /usr/share/icons/ubuntu-mono-dark/icon-theme.cache
b3d69000-b3d71000 r--s 00000000 08:01 7999069    /home/yemel/.local/share/gvfs-metadata/root-96888175.log (deleted)
b3d71000-b3d78000 r--s 00000000 08:01 5248704    /usr/lib/i386-linux-gnu/gconv/gconv-modules.cache
b3d79000-b3d96000 r--s 0017c000 08:01 5255808    /usr/share/eclipse/plugins/org.eclipse.team.cvs.ui_3.3.400.I20110510-0800.jar
b3db4000-b3db7000 ---p 00000000 00:00 0 
b3db7000-b3e05000 rw-p 00000000 00:00 0 
b3e08000-b3e23000 r--s 00145000 08:01 5255528    /usr/share/eclipse/plugins/org.eclipse.team.ui_3.6.100.I20110525-0800.jar
b3e31000-b3e35000 r--s 00024000 08:01 5255340    /usr/share/eclipse/plugins/org.eclipse.ui.console_3.5.100.v20110511.jar
b3e37000-b3e3a000 ---p 00000000 00:00 0 
b3e3a000-b3e88000 rw-p 00000000 00:00 0 
b3e99000-b3ed3000 r--p 00000000 08:01 6164606    /usr/share/fonts/truetype/ttf-dejavu/DejaVuSansMono-BoldOblique.ttf
b3ed3000-b3f0f000 r--p 00000000 08:01 6164607    /usr/share/fonts/truetype/ttf-dejavu/DejaVuSansMono-Oblique.ttf
b3f0f000-b3f5c000 r--p 00000000 08:01 6164085    /usr/share/fonts/truetype/ttf-dejavu/DejaVuSansMono-Bold.ttf
b3f7c000-b3fd4000 r--p 00000000 08:01 6291507    /usr/share/fonts/truetype/ubuntu-font-family/Ubuntu-BI.ttf
b3fd4000-b4033000 r--p 00000000 08:01 6291512    /usr/share/fonts/truetype/ubuntu-font-family/Ubuntu-RI.ttf
b4033000-b4085000 r--p 00000000 08:01 6291506    /usr/share/fonts/truetype/ubuntu-font-family/Ubuntu-B.ttf
b408d000-b4097000 r--s 00074000 08:01 5255291    /usr/share/eclipse/plugins/org.eclipse.equinox.p2.ui_2.1.0.v20110601.jar
b4097000-b409e000 rw-p 00000000 00:00 0 
b409e000-b40a8000 r--s 00062000 08:01 5255782    /usr/share/eclipse/plugins/org.eclipse.wst.sse.core_1.1.601.v201108151912.jar
b40aa000-b40b6000 r--s 00081000 08:01 5255847    /usr/share/eclipse/plugins/org.eclipse.ui.editors_3.7.0.v20110517-0800.jar
b40c0000-b40ce000 rw-p 00000000 00:00 0 
b40ce000-b40d7000 r--s 00058000 08:01 5255974    /usr/share/eclipse/plugins/org.eclipse.team.core_3.6.0.I20110525-0800.jar
b40d7000-b40da000 r--s 00019000 08:01 5255993    /usr/share/eclipse/plugins/org.eclipse.core.filebuffers_3.5.200.v20110505-0800.jar
b40db000-b40f4000 r--s 00133000 08:01 5255430    /usr/share/eclipse/plugins/org.eclipse.jdt.debug.ui_3.6.1.v20110803_r371.jar
b40f4000-b40f7000 ---p 00000000 00:00 0 
b40f7000-b4145000 rw-p 00000000 00:00 0 
b4145000-b418e000 r--s 003c3000 08:01 5255336    /usr/share/eclipse/plugins/org.eclipse.pde.ui_3.6.100.v20110603.jar
b418e000-b4191000 ---p 00000000 00:00 0 
b4191000-b41df000 rw-p 00000000 00:00 0 
b41df000-b41e0000 r--s 0000d000 08:01 5255674    /usr/share/eclipse/plugins/org.eclipse.jdt.compiler.tool_1.0.100.v_B76_R37x.jar
b41e0000-b41e3000 r--s 00023000 08:01 5255961    /usr/share/eclipse/plugins/org.eclipse.jdt.compiler.apt_1.0.400.v0110816-0800.jar
b41e3000-b420d000 r--s 0043b000 08:01 5255986    /usr/share/eclipse/plugins/org.eclipse.jdt.core_3.7.1.v_B76_R37x.jar
b420d000-b4222000 rw-p 00000000 00:00 0 
b4222000-b4235000 r--s 000dd000 08:01 5255762    /usr/share/eclipse/plugins/org.eclipse.jface.text_3.7.1.r371_v20110825-0800.jar
b4235000-b42ca000 r--s 00929000 08:01 5255687    /usr/share/eclipse/plugins/org.eclipse.jdt.ui_3.7.1.r371_v20110824-0800.jar
b42ca000-b42de000 r--s 0021f000 08:01 5255818    /usr/share/eclipse/plugins/org.eclipse.swt.gtk.linux.x86_3.7.1.v3738a.jar
b42de000-b42ea000 r--s 00083000 08:01 5255955    /usr/share/eclipse/plugins/org.eclipse.ui.workbench.texteditor_3.7.0.v20110505-0800.jar
b42ea000-b42f0000 r--s 00044000 08:01 5255972    /usr/share/eclipse/plugins/org.eclipse.ui.forms_3.5.100.v20110425.jar
b42f2000-b42fa000 rw-p 00000000 00:00 0 
b42fa000-b42fd000 r--s 0001f000 08:01 5255672    /usr/share/eclipse/plugins/org.eclipse.ui.views.log_1.0.200.v20110404.jar
b4309000-b4310000 r--s 0003c000 08:01 5255413    /usr/share/eclipse/plugins/org.eclipse.wst.common.snippets_1.2.100.v201103281740.jar
b4310000-b4312000 r--s 0000b000 08:01 5255388    /usr/share/eclipse/plugins/org.eclipse.mylyn.monitor.ui_3.6.0.v20110608-1400.jar
b4314000-b4316000 r--s 00013000 08:01 5638534    /usr/lib/jvm/java-6-openjdk/jre/lib/jce.jar
b431b000-b4325000 r--s 00058000 08:01 5255401    /usr/share/eclipse/plugins/org.eclipse.mylyn.commons.ui_3.6.1.v20110720-0100.jar
b4325000-b4346000 r--s 00175000 08:01 5255802    /usr/share/eclipse/plugins/org.eclipse.mylyn.tasks.ui_3.6.2.v20110826-0100.jar
b434a000-b4350000 r--s 00039000 08:01 5255807    /usr/share/eclipse/plugins/org.eclipse.mylyn.bugzilla.ui_3.6.0.v20110608-1400.jar
b4354000-b4356000 r--s 00007000 08:01 5255734    /usr/share/eclipse/plugins/org.eclipse.equinox.frameworkadmin_2.0.0.v20110502-1955.jar
b4356000-b4359000 r--s 0001c000 08:01 5255642    /usr/share/eclipse/plugins/org.eclipse.equinox.p2.touchpoint.eclipse_2.1.1.R37x_v20110815-0935.jar
b4359000-b435d000 r--s 0001f000 08:01 5255786    /usr/share/eclipse/plugins/org.sat4j.pb_2.3.0.v20110329.jar
b435d000-b4362000 r--s 0002f000 08:01 5255395    /usr/share/eclipse/plugins/org.sat4j.core_2.3.0.v20110329.jar
b4362000-b4368000 r--s 00049000 08:01 5255372    /usr/share/eclipse/plugins/org.apache.commons.httpclient_3.1.0.v201012070820.jar
b4368000-b436d000 r--s 00021000 08:01 5255529    /usr/share/eclipse/plugins/org.eclipse.ui_3.7.0.I20110602-0100.jar
b436d000-b4377000 r--s 00069000 08:01 5255502    /usr/share/eclipse/plugins/org.eclipse.search_3.7.0.v20110505-0800.jar
b4377000-b437e000 r--s 00038000 08:01 5255792    /usr/share/eclipse/plugins/org.eclipse.mylyn.context.ui_3.6.0.v20110608-1400.jar
b4389000-b438c000 r--s 00015000 08:01 5255618    /usr/share/eclipse/plugins/org.eclipse.equinox.p2.director_2.1.0.v20110504-1715.jar
b438c000-b438e000 r--s 00011000 08:01 5255448    /usr/share/eclipse/plugins/org.eclipse.equinox.util_1.0.300.v20110502.jar
b438e000-b4390000 r--s 00007000 08:01 5255486    /usr/share/eclipse/plugins/org.eclipse.equinox.p2.extensionlocation_1.2.100.v20110510.jar
b4390000-b4393000 r--s 00014000 08:01 5255499    /usr/share/eclipse/plugins/org.eclipse.core.jobs_3.5.100.v20110404.jar
b4393000-b4396000 r--s 0001e000 08:01 5255738    /usr/share/eclipse/plugins/org.eclipse.equinox.p2.artifact.repository_1.1.101.R37x_v20110714.jar
b4396000-b4399000 r--s 0001c000 08:01 5255677    /usr/share/eclipse/plugins/org.eclipse.ecf.provider.filetransfer_3.2.0.v20110531-2218.jar
b4399000-b439c000 r--s 00014000 08:01 5255295    /usr/share/eclipse/plugins/org.eclipse.ecf_3.1.300.v20110531-2218.jar
b439c000-b439e000 r--s 0000b000 08:01 5255731    /usr/share/eclipse/plugins/org.eclipse.ecf.identity_3.1.100.v20110531-2218.jar
b439e000-b43a1000 r--s 0000a000 08:01 5255939    /usr/share/eclipse/plugins/org.eclipse.ecf.filetransfer_5.0.0.v20110531-2218.jar
b43a1000-b43a5000 r--s 00013000 08:01 5255882    /usr/share/eclipse/plugins/org.eclipse.epp.mpc.core_1.1.1.I20110907-0947.jar
b43a5000-b43a9000 r--s 00021000 08:01 5255706    /usr/share/eclipse/plugins/org.eclipse.equinox.p2.ui.discovery_1.0.0.v20110502-1955.jar
b43a9000-b43ac000 r--s 00014000 08:01 5255723    /usr/share/eclipse/plugins/org.eclipse.mylyn.tasks.bugs_3.6.1.v20110825-0100.jar
b43ac000-b43af000 r--s 00014000 08:01 5255979    /usr/share/eclipse/plugins/org.eclipse.core.contenttype_3.4.100.v20110423-0524.jar
b43af000-b43b2000 ---p 00000000 00:00 0 
b43b2000-b4400000 rw-p 00000000 00:00 0 
b4400000-b4500000 rw-p 00000000 00:00 0 
b4500000-b4504000 r--s 00013000 08:01 5255885    /usr/share/eclipse/plugins/org.eclipse.ui.views_3.6.0.I20110412-0800.jar
b4504000-b4507000 rw-s 00000000 00:04 43319301   /SYSV00000000 (deleted)
b4508000-b450c000 r--s 0001b000 08:01 5255659    /usr/share/eclipse/plugins/org.eclipse.mylyn.team.ui_3.6.1.v20110825-0100.jar
b450c000-b450f000 r--s 00013000 08:01 5255539    /usr/share/eclipse/plugins/org.eclipse.jst.ws.jaxws.utils_1.0.0.v201004171919.jar
b450f000-b4511000 r--s 00005000 08:01 5255525    /usr/share/eclipse/plugins/org.eclipse.equinox.p2.garbagecollector_1.0.200.v20110510.jar
b4511000-b4516000 r--s 00038000 08:01 5255342    /usr/share/eclipse/plugins/org.eclipse.text_3.5.101.r371_v20110810-0800.jar
b4516000-b4519000 r--s 00019000 08:01 5255318    /usr/share/eclipse/plugins/org.eclipse.pde.launching_3.6.0.v20110506.jar
b4519000-b451e000 r--s 00038000 08:01 5255557    /usr/share/eclipse/plugins/org.eclipse.mylyn.bugzilla.core_3.6.2.v20110903-0100.jar
b451f000-b4523000 r--s 00038000 08:01 5638516    /usr/lib/jvm/java-6-openjdk/jre/lib/ext/sunpkcs11.jar
b4523000-b4526000 r--s 00031000 08:01 5638519    /usr/lib/jvm/java-6-openjdk/jre/lib/ext/sunjce_provider.jar
b4526000-b4528000 r--s 0000b000 08:01 5255554    /usr/share/eclipse/plugins/org.eclipse.equinox.p2.touchpoint.natives_1.0.300.v20110502-1955.jar
b4529000-b452b000 r--s 0000f000 08:01 5255957    /usr/share/eclipse/plugins/org.eclipse.equinox.p2.jarprocessor_1.0.200.v20110502-1955.jar
b452b000-b452d000 r--s 00017000 08:01 5255640    /usr/share/eclipse/plugins/org.eclipse.equinox.p2.publisher_1.2.0.v20110511.jar
b452d000-b452f000 r--s 00003000 08:01 5255822    /usr/share/eclipse/plugins/org.eclipse.ecf.provider.filetransfer.httpclient.ssl_1.0.0.v20110531-2218.jar
b452f000-b4532000 r--s 0001a000 08:01 5255519    /usr/share/eclipse/plugins/org.eclipse.equinox.p2.metadata.repository_1.2.0.v20110511-1359.jar
b4532000-b4536000 r--s 0001c000 08:01 5255369    /usr/share/eclipse/plugins/org.eclipse.equinox.p2.repository_2.1.0.v20110601.jar
b4536000-b453d000 r--s 0004c000 08:01 5255857    /usr/share/eclipse/plugins/org.eclipse.equinox.p2.metadata_2.1.0.v20110510.jar
b453d000-b4541000 r--s 0002a000 08:01 5255757    /usr/share/eclipse/plugins/org.eclipse.equinox.p2.engine_2.1.0.v20110511.jar
b4541000-b4543000 r--s 0000c000 08:01 5255268    /usr/share/eclipse/plugins/org.eclipse.equinox.p2.operations_2.1.0.v20110511-1821.jar
b4543000-b454d000 r--s 00085000 08:01 5255663    /usr/share/eclipse/plugins/org.eclipse.team.cvs.core_3.3.400.I20110510-0800.jar
b454d000-b454f000 r--s 0000c000 08:01 5255959    /usr/share/eclipse/plugins/org.apache.commons.codec_1.3.0.v201101211617.jar
b454f000-b4552000 ---p 00000000 00:00 0 
b4552000-b45a0000 rw-p 00000000 00:00 0 
b45a1000-b45a3000 r--s 0000a000 08:01 5255856    /usr/share/eclipse/plugins/org.apache.commons.logging_1.0.4.v201101211617.jar
b45a3000-b45a6000 r--s 0000f000 08:01 5255998    /usr/share/eclipse/plugins/org.eclipse.equinox.p2.core_2.1.0.v20110502-1955.jar
b45a6000-b45ae000 r--s 00050000 08:01 5255639    /usr/share/eclipse/plugins/org.eclipse.wst.common.project.facet.core_1.4.200.v201103170332.jar
b45af000-b45b2000 r--s 00019000 08:01 5255600    /usr/share/eclipse/plugins/org.eclipse.mylyn.context.core_3.6.1.v20110720-0100.jar
b45b2000-b4657000 r--p 00000000 08:01 6164083    /usr/share/fonts/truetype/ttf-dejavu/DejaVuSans-Bold.ttf
b4657000-b46a9000 r--p 00000000 08:01 6164086    /usr/share/fonts/truetype/ttf-dejavu/DejaVuSansMono.ttf
b46a9000-b4700000 r--p 00000000 08:01 6291511    /usr/share/fonts/truetype/ubuntu-font-family/Ubuntu-R.ttf
b4700000-b47f9000 rw-p 00000000 00:00 0 
b47f9000-b4800000 ---p 00000000 00:00 0 
b4801000-b4804000 r--s 00013000 08:01 5255675    /usr/share/eclipse/plugins/org.eclipse.core.expressions_3.4.300.v20110228.jar
b4805000-b4807000 r--s 00004000 08:01 5255490    /usr/share/eclipse/plugins/org.eclipse.mylyn.java.tasks_3.6.0.v20110608-1400.jar
b4808000-b480a000 r--s 0000a000 08:01 5255651    /usr/share/eclipse/plugins/org.eclipse.epp.usagedata.recording_1.3.1.R201106061540.jar
b480a000-b4815000 r--s 000bb000 08:01 5255946    /usr/share/eclipse/plugins/org.eclipse.core.resources_3.7.100.v20110510-0712.jar
b4815000-b483d000 r--s 00214000 08:01 5255520    /usr/share/eclipse/plugins/org.eclipse.ui.ide_3.7.0.v20110809-1737.jar
b483d000-b483e000 r--s 00000000 08:01 13631766   /var/cache/fontconfig/c05880de57d1f5e948fdfacc138775d9-le32d4.cache-3
b483e000-b4844000 r--s 00000000 08:01 13631763   /var/cache/fontconfig/945677eb7aeaf62f1d50efc3fb3ec7d8-le32d4.cache-3
b4844000-b4846000 r--s 00000000 08:01 13631764   /var/cache/fontconfig/99e8ed0e538f840c565b6ed5dad60d56-le32d4.cache-3
b4846000-b4849000 r--s 00000000 08:01 13631774   /var/cache/fontconfig/e383d7ea5fbe662a33d9b44caf393297-le32d4.cache-3
b4849000-b484c000 r--s 00000000 08:01 13631751   /var/cache/fontconfig/2cd17615ca594fa2959ae173292e504c-le32d4.cache-3
b484c000-b484d000 r--s 00000000 08:01 13631775   /var/cache/fontconfig/e7071f4a29fa870f4323321c154eba04-le32d4.cache-3
b484d000-b4851000 r--s 00000000 08:01 13631760   /var/cache/fontconfig/6eb3985aa4124903f6ff08ba781cd364-le32d4.cache-3
b4851000-b4852000 r--s 00000000 08:01 13631755   /var/cache/fontconfig/4c73fe0c47614734b17d736dbde7580a-le32d4.cache-3
b4852000-b4853000 r--s 00000000 08:01 13631748   /var/cache/fontconfig/0d8c3b2ac0904cb8a57a757ad11a4a08-le32d4.cache-3
b4853000-b4854000 r--s 00000000 08:01 13631758   /var/cache/fontconfig/6a53c69dea097a2d716e069445527da8-le32d4.cache-3
b4854000-b4858000 r--s 00000000 08:01 13631765   /var/cache/fontconfig/a755afe4a08bf5b97852ceb7400b47bc-le32d4.cache-3
b4858000-b485f000 r--s 00000000 08:01 13631773   /var/cache/fontconfig/6d41288fd70b0be22e8c3a91e032eec0-le32d4.cache-3
b485f000-b486a000 r--s 00000000 08:01 13631749   /var/cache/fontconfig/0f34bcd4b6ee430af32735b75db7f02b-le32d4.cache-3
b486a000-b486d000 r--s 00000000 08:01 13631771   /var/cache/fontconfig/d60319d88cac85ba9e1a07bd06cfbb8c-le32d4.cache-3
b486d000-b486e000 r--s 00000000 08:01 13631753   /var/cache/fontconfig/4794a0821666d79190d59a36cb4f44b5-le32d4.cache-3
b486e000-b487b000 r--s 00000000 08:01 13631770   /var/cache/fontconfig/d52a8644073d54c13679302ca1180695-le32d4.cache-3
b487b000-b487d000 r--s 00000000 08:01 13633678   /var/cache/fontconfig/e13b20fdb08344e0e664864cc2ede53d-le32d4.cache-3
b487d000-b4880000 r--s 00000000 08:01 13631762   /var/cache/fontconfig/7ef2298fde41cc6eeb7af42e48b7d293-le32d4.cache-3
b4881000-b4883000 r--s 00009000 08:01 5255532    /usr/share/eclipse/plugins/org.eclipse.equinox.p2.ui.sdk_1.0.200.v20110502-1955.jar
b4883000-b4885000 r--s 00016000 08:01 5255437    /usr/share/eclipse/plugins/org.eclipse.ant.core_3.2.300.v20110511.jar
b4886000-b4889000 r--s 00019000 08:01 5255533    /usr/share/eclipse/plugins/org.eclipse.equinox.preferences_3.4.1.R37x_v20110725.jar
b4889000-b48c5000 r--s 00626000 08:01 5255891    /usr/share/eclipse/plugins/com.ibm.icu_4.4.2.v20110208.jar
b48c6000-b48c7000 rw-p 00000000 00:00 0 
b48c7000-b48c9000 r--s 00008000 08:01 5255908    /usr/share/eclipse/plugins/org.eclipse.mylyn.monitor.core_3.6.0.v20110608-1400.jar
b48c9000-b48ca000 r--s 00004000 08:01 5255345    /usr/share/eclipse/plugins/org.eclipse.swt_3.7.1.v3738a.jar
b48ca000-b48ce000 r--s 00017000 08:01 5255833    /usr/share/eclipse/plugins/org.eclipse.core.commands_3.6.0.I20110111-0800.jar
b48ce000-b48d0000 r--s 0000f000 08:01 5255771    /usr/share/eclipse/plugins/org.eclipse.wst.web_1.1.500.v201104251400.jar
b48d0000-b48da000 r--s 00088000 08:01 5255620    /usr/share/eclipse/plugins/org.eclipse.update.core_3.2.500.v20110330.jar
b48da000-b48ee000 r--s 000f3000 08:01 5256000    /usr/share/eclipse/plugins/org.eclipse.jface_3.7.0.I20110522-1430.jar
b48ee000-b48f0000 r--s 00001000 08:01 6166107    /usr/share/eclipse/plugins/org.eclipse.ui.workbench.compatibility_3.2.100.I20110413-1600/compatibility.jar
b48f0000-b4937000 r--s 003b2000 08:01 5255619    /usr/share/eclipse/plugins/org.eclipse.ui.workbench_3.7.0.I20110519-0100.jar
b4937000-b4939000 r--s 00017000 08:01 5255489    /usr/share/eclipse/plugins/org.eclipse.update.configurator_3.3.100.v20100512.jar
b4939000-b493f000 r--s 00039000 08:01 5255705    /usr/share/eclipse/plugins/org.eclipse.epp.mpc.ui_1.1.1.I20110907-0947.jar
b493f000-b4941000 r--s 0000a000 08:01 5255637    /usr/share/eclipse/plugins/org.eclipse.ui.net_1.2.100.I20110511-0800.jar
b4941000-b4943000 r--s 00008000 08:01 5255900    /usr/share/eclipse/plugins/org.eclipse.epp.usagedata.gathering_1.3.1.R201106061540.jar
b4943000-b4946000 ---p 00000000 00:00 0 
b4946000-b4994000 rw-p 00000000 00:00 0 
b4994000-b4995000 r--s 00002000 08:01 5255725    /usr/share/eclipse/plugins/org.eclipse.ecf.ssl_1.0.100.v20110531-2218.jar
b4995000-b4997000 r--s 00007000 08:01 5255921    /usr/share/eclipse/plugins/org.eclipse.equinox.p2.discovery_1.0.100.v20110502-1955.jar
b4998000-b4999000 r--s 00007000 08:01 5255306    /usr/share/eclipse/plugins/org.eclipse.update.scheduler_3.2.300.v20100512.jar
b4999000-b499b000 r--s 00001000 08:01 5255650    /usr/share/eclipse/plugins/org.eclipse.update.core.linux_3.2.200.v20100512.jar
b499b000-b499f000 r--s 00029000 08:01 5255594    /usr/share/eclipse/plugins/org.eclipse.equinox.registry_3.5.101.R37x_v20110810-1611.jar
b499f000-b49a0000 r--s 00002000 08:01 6296639    /usr/share/eclipse/plugins/org.eclipse.core.runtime.compatibility.registry_3.5.0.v20110505/runtime_registry_compatibility.jar
b49a0000-b49a1000 r--p 00000000 00:00 0 
b49a1000-b49a4000 ---p 00000000 00:00 0 
b49a4000-b49f2000 rw-p 00000000 00:00 0 
b49f2000-b49f5000 ---p 00000000 00:00 0 
b49f5000-b4a43000 rw-p 00000000 00:00 0 
b4a43000-b4a44000 r--s 00007000 08:01 5255455    /usr/share/eclipse/plugins/org.eclipse.equinox.p2.directorywatcher_1.0.300.v20110502-1955.jar
b4a44000-b4a46000 r--s 0000f000 08:01 5255883    /usr/share/eclipse/plugins/org.eclipse.ecf.provider.filetransfer.httpclient_4.0.0.v20110531-2218.jar
b4a46000-b4a48000 r--s 00001000 08:01 5255361    /usr/share/eclipse/plugins/org.eclipse.ecf.provider.filetransfer.ssl_1.0.0.v20110531-2218.jar
b4a48000-b4a4a000 r--s 00008000 08:01 5255655    /usr/share/eclipse/plugins/org.eclipse.equinox.p2.transport.ecf_1.0.0.v20110510.jar
b4a4a000-b4a4b000 r--s 00005000 08:01 5255621    /usr/share/eclipse/plugins/org.eclipse.equinox.simpleconfigurator.manipulator_2.0.0.v20110502-1955.jar
b4a4b000-b4a4d000 r--s 00018000 08:01 5255375    /usr/share/eclipse/plugins/org.eclipse.equinox.common_3.6.0.v20110523.jar
b4a4d000-b4a50000 ---p 00000000 00:00 0 
b4a50000-b4a9e000 rw-p 00000000 00:00 0 
b4a9e000-b4aa0000 r--s 00008000 08:01 5255893    /usr/share/eclipse/plugins/org.eclipse.mylyn.commons.identity_0.8.0.v20110608-1400.jar
b4aa0000-b4aa3000 ---p 00000000 00:00 0 
b4aa3000-b4af1000 rw-p 00000000 00:00 0 
b4af1000-b4af4000 ---p 00000000 00:00 0 
b4af4000-b4b42000 rw-p 00000000 00:00 0 
b4b42000-b4b45000 ---p 00000000 00:00 0 
b4b45000-b4b93000 rw-p 00000000 00:00 0 
b4b93000-b4ba6000 r--s 0013a000 08:01 5255416    /usr/share/eclipse/plugins/org.eclipse.osgi_3.7.1.R37x_v20110808-1106.jar
b4ba6000-b4bad000 r--s 000fb000 08:01 5638539    /usr/lib/jvm/java-6-openjdk/jre/lib/resources.jar
b4bad000-b4bae000 ---p 00000000 00:00 0 
b4bae000-b4c2e000 rw-p 00000000 00:00 0 
b4c2e000-b4c31000 ---p 00000000 00:00 0 
b4c31000-b4c7f000 rw-p 00000000 00:00 0 
b4c7f000-b4c82000 ---p 00000000 00:00 0 
b4c82000-b4d00000 rw-p 00000000 00:00 0 
b4d00000-b4e00000 rw-p 00000000 00:00 0 
b4e00000-b4e04000 r--s 0007c000 08:01 5638535    /usr/lib/jvm/java-6-openjdk/jre/lib/jsse.jar
b4e04000-b4e0c000 r--s 00066000 08:01 5777286    /usr/share/java/gnome-java-bridge.jar
b4e0c000-b4e0f000 ---p 00000000 00:00 0 
b4e0f000-b4e5d000 rw-p 00000000 00:00 0 
b4e5d000-b4e60000 ---p 00000000 00:00 0 
b4e60000-b4eae000 rw-p 00000000 00:00 0 
b4eae000-b4eb1000 ---p 00000000 00:00 0 
b4eb1000-b4eff000 rw-p 00000000 00:00 0 
b4eff000-b4f00000 ---p 00000000 00:00 0 
b4f00000-b4fb3000 rw-p 00000000 00:00 0 
b4fb3000-b5143000 r--s 037b6000 08:01 5642558    /usr/lib/jvm/java-6-openjdk/jre/lib/rt.jar
b5143000-b5169000 rw-p 00000000 00:00 0 
b5169000-b516b000 ---p 00000000 00:00 0 
b516b000-b51c4000 rw-p 00000000 00:00 0 
b51c4000-b5201000 rw-p 00000000 00:00 0 
b5201000-b526f000 rw-p 00000000 00:00 0 
b526f000-b528e000 rw-p 00000000 00:00 0 
b528e000-b52c4000 rw-p 00000000 00:00 0 
b52c4000-b5302000 rw-p 00000000 00:00 0 
b5302000-b536f000 rw-p 00000000 00:00 0 
b536f000-b5394000 rw-p 00000000 00:00 0 
b5394000-b5397000 ---p 00000000 00:00 0 
b5397000-b53ef000 rw-p 00000000 00:00 0 
b53ef000-b5424000 rw-p 00000000 00:00 0 
b5424000-b547b000 rw-p 00000000 00:00 0 
b547b000-b5e9b000 rwxp 00000000 00:00 0 
b5e9b000-b747b000 rw-p 00000000 00:00 0 
b747b000-b7483000 rw-s 00000000 08:01 16384041   /tmp/hsperfdata_yemel/18402
b7483000-b7484000 rw-p 00000000 00:00 0 
b7484000-b7485000 r--p 00000000 00:00 0 
b7485000-b74e5000 rw-s 00000000 00:04 43286532   /SYSV00000000 (deleted)
b74e5000-b7548000 rw-p 00000000 00:00 0 
b7548000-b7562000 r--s 00000000 08:01 5774623    /usr/share/mime/mime.cache
b7562000-b7563000 rw-p 00000000 00:00 0 
b7563000-b7564000 r--p 0043a000 08:01 5249801    /usr/lib/locale/locale-archive
b7564000-b75a4000 r--p 002bd000 08:01 5249801    /usr/lib/locale/locale-archive
b75a4000-b77a4000 r--p 00000000 08:01 5249801    /usr/lib/locale/locale-archive
b77a4000-b77a6000 rw-p 00000000 00:00 0 
b77a6000-b77a7000 r--s 00000000 08:01 7999068    /home/yemel/.local/share/gvfs-metadata/root (deleted)
b77a7000-b77a9000 r--s 00006000 08:01 5255382    /usr/share/eclipse/plugins/javax.transaction_1.1.1.v201105210645.jar
b77a9000-b77aa000 r--s 0000b000 08:01 5255951    /usr/share/eclipse/plugins/org.eclipse.equinox.launcher_1.2.0.v20110502.jar
b77aa000-b77ac000 r--s 0000f000 08:01 5638521    /usr/lib/jvm/java-6-openjdk/jre/lib/ext/pulse-java.jar
b77ac000-b77bb000 rw-p 00000000 00:00 0 
bfe71000-bfe74000 ---p 00000000 00:00 0 
bfe75000-bfec1000 rw-p 00000000 00:00 0          [stack]

VM Arguments:
jvm_args: -Dosgi.requiredJavaVersion=1.5 -XX:MaxPermSize=256m -Xms40m -Xmx512m 
java_command: <unknown>
Launcher Type: generic

Environment Variables:
PATH=/usr/lib/lightdm/lightdm:/usr/local/sbin:/usr/local/bin:/usr/sbin:/usr/bin:/sbin:/bin:/usr/games:/usr/share/eclipse/
USERNAME=yemel
LD_LIBRARY_PATH=/usr/lib/jvm/java-6-openjdk/jre/lib/i386/client:/usr/lib/jvm/java-6-openjdk/jre/lib/i386:
SHELL=/bin/bash
DISPLAY=:0.0

Signal Handlers:
SIGSEGV: [libjvm.so+0x3e3640], sa_mask[0]=0x7ffbfeff, sa_flags=0x10000004
SIGBUS: [libjvm.so+0x3e3640], sa_mask[0]=0x7ffbfeff, sa_flags=0x10000004
SIGFPE: [libjvm.so+0x300e10], sa_mask[0]=0x7ffbfeff, sa_flags=0x10000004
SIGPIPE: SIG_IGN, sa_mask[0]=0x00000000, sa_flags=0x00000000
SIGXFSZ: [libjvm.so+0x300e10], sa_mask[0]=0x7ffbfeff, sa_flags=0x10000004
SIGILL: [libjvm.so+0x300e10], sa_mask[0]=0x7ffbfeff, sa_flags=0x10000004
SIGUSR1: SIG_DFL, sa_mask[0]=0x00000000, sa_flags=0x00000000
SIGUSR2: [libjvm.so+0x300ca0], sa_mask[0]=0x00000000, sa_flags=0x10000004
SIGHUP: [libjvm.so+0x303d40], sa_mask[0]=0x7ffbfeff, sa_flags=0x10000004
SIGINT: [libjvm.so+0x303d40], sa_mask[0]=0x7ffbfeff, sa_flags=0x10000004
SIGTERM: [libjvm.so+0x303d40], sa_mask[0]=0x7ffbfeff, sa_flags=0x10000004
SIGQUIT: [libjvm.so+0x303d40], sa_mask[0]=0x7ffbfeff, sa_flags=0x10000004


---------------  S Y S T E M  ---------------

OS:Ubuntu 11.10 (oneiric)
uname:Linux 3.0.0-12-generic #20-Ubuntu SMP Fri Oct 7 14:50:42 UTC 2011 i686
libc:glibc 2.13 NPTL 2.13 
rlimit: STACK 8192k, CORE 0k, NPROC 22991, NOFILE 4096, AS infinity
load average:0.10 0.09 0.12

/proc/meminfo:
MemTotal:        2956860 kB
MemFree:          335068 kB
Buffers:          173444 kB
Cached:          1302588 kB
SwapCached:        53020 kB
Active:          1646260 kB
Inactive:         827428 kB
Active(anon):    1148448 kB
Inactive(anon):   223380 kB
Active(file):     497812 kB
Inactive(file):   604048 kB
Unevictable:          52 kB
Mlocked:              52 kB
HighTotal:       2093124 kB
HighFree:          28064 kB
LowTotal:         863736 kB
LowFree:          307004 kB
SwapTotal:       3001340 kB
SwapFree:        2905940 kB
Dirty:              9196 kB
Writeback:             0 kB
AnonPages:        960708 kB
Mapped:           133036 kB
Shmem:            374152 kB
Slab:              90764 kB
SReclaimable:      68300 kB
SUnreclaim:        22464 kB
KernelStack:        3776 kB
PageTables:        13976 kB
NFS_Unstable:          0 kB
Bounce:                0 kB
WritebackTmp:          0 kB
CommitLimit:     4479768 kB
Committed_AS:    5649336 kB
VmallocTotal:     122880 kB
VmallocUsed:       32452 kB
VmallocChunk:      48264 kB
HardwareCorrupted:     0 kB
AnonHugePages:         0 kB
HugePages_Total:       0
HugePages_Free:        0
HugePages_Rsvd:        0
HugePages_Surp:        0
Hugepagesize:       4096 kB
DirectMap4k:       16376 kB
DirectMap4M:      892928 kB


CPU:total 4 (2 cores per cpu, 2 threads per core) family 6 model 37 stepping 2, cmov, cx8, fxsr, mmx, sse, sse2, sse3, ssse3, sse4.1, sse4.2, popcnt, ht

Memory: 4k page, physical 2956860k(335068k free), swap 3001340k(2905940k free)

vm_info: OpenJDK Client VM (20.0-b11) for linux-x86 JRE (1.6.0_23-b23), built on Oct  4 2011 14:32:59 by "buildd" with gcc 4.6.1

time: Wed Nov  9 10:53:03 2011
elapsed time: 1512 seconds

